11:28:51	log_module	info	Removing old log files, if any...
11:28:51	database_module	debug	SQL Query: SELECT id, username, real_name, password, token_reset_password, token_activation, activated FROM users WHERE username = "mail@tonyg.se" LIMIT 1
11:28:51	database_module	debug	SQL Query: SELECT id, name, genre, rating, seen, media_type, recommended FROM movies ORDER BY name ASC LIMIT 0, 5
11:28:51	session_module	info	vjc4s7ho07s7q5h7kemdvhi8d4 logged out due to session timeout (68914/1800 seconds)
11:29:51	database_module	debug	SQL Query: SELECT id, name, genre, rating, seen, media_type, recommended FROM movies ORDER BY name ASC LIMIT 0, 5
11:32:58	database_module	debug	SQL Query: SELECT id, name, genre, rating, seen, media_type, recommended FROM movies ORDER BY name ASC LIMIT 0, 5
11:33:58	database_module	debug	SQL Query: SELECT username FROM users WHERE username = "valter@gmail.com" LIMIT 1
11:33:58	database_module	debug	SQL Query: INSERT INTO users (id, username, real_name, password, token_activation, activated) VALUES (?, ?, ?, ?, ?, ?);
11:35:52	database_module	debug	SQL Query: SELECT username FROM users WHERE username = "valter@gmail.com" LIMIT 1
11:35:52	session_module	debug	Flash set: flash_next_form_validation
11:35:52	session_module	debug	Flash set: flash_next_form_values
11:35:52	session_module	debug	Flash get: form_validation
11:35:52	session_module	debug	Flash get: form_values
11:36:18	database_module	debug	SQL Query: SELECT username FROM users WHERE username = "valter2@gmail.com" LIMIT 1
11:36:18	database_module	debug	SQL Query: INSERT INTO users (id, username, real_name, password, token_activation, activated) VALUES (?, ?, ?, ?, ?, ?);
11:36:27	database_module	debug	SQL Query: SELECT id, name, genre, rating, seen, media_type, recommended FROM movies ORDER BY name ASC LIMIT 0, 5
11:36:45	database_module	debug	SQL Query: SELECT id, name, genre, rating, seen, media_type, recommended FROM movies ORDER BY name ASC LIMIT 0, 5
11:37:01	database_module	debug	SQL Query: SELECT username FROM users WHERE username = "valter3@gmail.com" LIMIT 1
11:37:01	database_module	debug	SQL Query: INSERT INTO users (id, username, real_name, password, token_activation, activated) VALUES (?, ?, ?, ?, ?, ?);
11:37:01	session_module	debug	Flash set: flash_next_success
11:37:01	auth_module	info	valter3@gmail.com registered from ::1
11:37:01	database_module	debug	SQL Query: SELECT id, name, genre, rating, seen, media_type, recommended FROM movies ORDER BY name ASC LIMIT 0, 5
11:37:01	session_module	debug	Flash get: success
11:37:01	session_module	debug	Flash get: success
11:42:35	database_module	debug	SQL Query: SELECT id, name, genre, rating, seen, media_type, recommended FROM movies ORDER BY name ASC LIMIT 0, 5
11:43:00	instagram_module	info	Downloading images from instagram with IP: ::1
11:43:32	instagram_module	info	Downloading images from instagram with IP: ::1
11:43:52	instagram_module	info	Downloading images from instagram with IP: ::1
11:43:57	database_module	debug	SQL Query: SELECT id, name, genre, rating, seen, media_type, recommended FROM movies ORDER BY name ASC LIMIT 0, 5
11:56:16	database_module	debug	SQL Query: SELECT id, name, genre, rating, seen, media_type, recommended FROM movies ORDER BY name ASC LIMIT 0, 5
11:57...01	database_module	debug	SQL Query: SELECT id, name, genre, rating, seen, media_type, recommended FROM movies ORDER BY name ASC LIMIT 0, 5
11:59:29	database_module	debug	SQL Query: SELECT id, name, genre, rating, seen, media_type, recommended FROM movies ORDER BY name ASC LIMIT 0, 5
11:59:32	database_module	debug	SQL Query: SELECT id, name, genre, rating, seen, media_type, recommended FROM movies ORDER BY name ASC LIMIT 5, 5
11:59:34	database_module	debug	SQL Query: SELECT id, name, genre, rating, seen, media_type, recommended FROM movies ORDER BY name ASC LIMIT 0, 5
12:02:45	database_module	debug	SQL Query: SELECT id, name, genre, rating, seen, media_type, recommended FROM movies ORDER BY name ASC LIMIT 0, 5
12:02:49	database_module	debug	SQL Query: SELECT id, username, real_name, password, token_reset_password, token_activation, activated FROM users WHERE username = "mail@tonyg.se" LIMIT 1
12:02:49	auth_module	info	mail@tonyg.se logged in from ::1
12:02:49	database_module	debug	SQL Query: SELECT id, username, real_name, password, token_reset_password, token_activation, activated FROM users WHERE username = "mail@tonyg.se" LIMIT 1
12:03:00	instagram_module	info	Downloading images from instagram with IP: ::1
12:03:09	database_module	debug	SQL Query: SELECT id, username, real_name, password, token_reset_password, token_activation, activated FROM users WHERE username = "mail@tonyg.se" LIMIT 1
12:03:09	database_module	debug	SQL Query: SELECT id, name, genre, rating, seen, media_type, recommended FROM movies ORDER BY name ASC LIMIT 0, 5
12:03:11	database_module	debug	SQL Query: SELECT id, username, real_name, password, token_reset_password, token_activation, activated FROM users WHERE username = "mail@tonyg.se" LIMIT 1
12:03:11	database_module	debug	SQL Query: SELECT id, name, genre, rating, seen, media_type, recommended FROM movies ORDER BY name ASC LIMIT 0, 5
12:03:12	database_module	debug	SQL Query: SELECT id, name, genre, rating, seen, media_type, recommended FROM movies ORDER BY name ASC LIMIT 0, 5
12:03:15	database_module	debug	SQL Query: SELECT id, username, real_name, password, token_reset_password, token_activation, activated FROM users WHERE username = "mail@tonyg.se" LIMIT 1
12:03:15	auth_module	info	mail@tonyg.se logged in from ::1
12:03:15	database_module	debug	SQL Query: SELECT id, username, real_name, password, token_reset_password, token_activation, activated FROM users WHERE username = "mail@tonyg.se" LIMIT 1
12:03:15	database_module	debug	SQL Query: SELECT id, name, genre, rating, seen, media_type, recommended FROM movies WHERE id = 98 LIMIT 1
12:03:18	database_module	debug	SQL Query: SELECT id, username, real_name, password, token_reset_password, token_activation, activated FROM users WHERE username = "mail@tonyg.se" LIMIT 1
12:03:18	database_module	debug	SQL Query: SELECT id, name, genre, rating, seen, media_type, recommended FROM movies ORDER BY name ASC LIMIT 0, 5
12:03:20	database_module	debug	SQL Query: SELECT id, username, real_name, password, token_reset_password, token_activation, activated FROM users WHERE username = "mail@tonyg.se" LIMIT 1
12:03:20	database_module	debug	SQL Query: SELECT id, name, genre, rating, seen, media_type, recommended FROM movies ORDER BY name ASC LIMIT 0, 5
12:06:08	database_module	debug	SQL Query: SELECT id, name, genre, rating, seen, media_type, recommended FROM movies ORDER BY name ASC LIMIT 0, 5
12:06:11	xml_module	info	Generated sitemap.xml by IP ::1
12:06:17	xml_module	info	Generated sitemap.xml by IP ::1
12:12:56	database_module	debug	SQL Query: SELECT id, name, genre, rating, seen, media_type, recommended FROM movies ORDER BY name ASC LIMIT 0, 5
12:13:00	database_module	debug	SQL Query: SELECT id, name, genre, rating, seen, media_type, recommended FROM movies ORDER BY name ASC LIMIT 0, 5
12:14:23	database_module	debug	SQL Query: SELECT id, name, genre, rating, seen, media_type, recommended FROM movies ORDER BY name ASC LIMIT 0, 5
13:09:38	database_module	debug	SQL Query: SELECT id, name, genre, rating, seen, media_type, recommended FROM movies ORDER BY name ASC LIMIT 0, 5
13:09:38	session_module	info	a51rv0tbi7d3nr6544dqtcf6a3 logged out due to session timeout (2744/1800 seconds)
13:09:41	database_module	debug	SQL Query: SELECT id, name, genre, rating, seen, media_type, recommended FROM movies ORDER BY name ASC LIMIT 0, 5
13:09:46	database_module	debug	SQL Query: SELECT id, name, genre, rating, seen, media_type, recommended FROM movies ORDER BY name ASC LIMIT 0, 5
13:14:49	database_module	debug	SQL Query: SELECT id, name, genre, rating, seen, media_type, recommended FROM movies ORDER BY name ASC LIMIT 0, 5
13:14:52	database_module	debug	SQL Query: SELECT id, name, genre, rating, seen, media_type, recommended FROM movies ORDER BY name ASC LIMIT 0, 5
13:15:12	database_module	debug	SQL Query: SELECT id, name, genre, rating, seen, media_type, recommended FROM movies WHERE id = 98 LIMIT 1
13:16:31	database_module	debug	SQL Query: SELECT id, name, genre, rating, seen, media_type, recommended FROM movies ORDER BY name ASC LIMIT 0, 5
13:47:00	database_module	debug	SQL Query: SELECT id, name, genre, rating, seen, media_type, recommended FROM movies WHERE id = 98 LIMIT 1
13:53:24	database_module	debug	SQL Query: SELECT id, name, genre, rating, seen, media_type, recommended FROM movies ORDER BY name ASC LIMIT 0, 5
13:53:31	database_module	debug	SQL Query: SELECT id, username, real_name, password, token_reset_password, token_activation, activated FROM users WHERE username = "mail@tonyg.se" LIMIT 1
13:53:31	auth_module	info	mail@tonyg.se logged in from ::1
13:53:32	database_module	debug	SQL Query: SELECT id, username, real_name, password, token_reset_password, token_activation, activated FROM users WHERE username = "mail@tonyg.se" LIMIT 1
13:53:32	database_module	debug	SQL Query: SELECT id, name, genre, rating, seen, media_type, recommended FROM movies WHERE id = 97 LIMIT 1
13:53:35	database_module	debug	SQL Query: SELECT id, username, real_name, password, token_reset_password, token_activation, activated FROM users WHERE username = "mail@tonyg.se" LIMIT 1
13:53:35	database_module	debug	SQL Query: SELECT id, name, genre, rating, seen, media_type, recommended FROM movies ORDER BY name ASC LIMIT 0, 5
13:53:37	database_module	debug	SQL Query: SELECT id, username, real_name, password, token_reset_password, token_activation, activated FROM users WHERE username = "mail@tonyg.se" LIMIT 1
13:53:37	database_module	debug	SQL Query: SELECT id, name, genre, rating, seen, media_type, recommended FROM movies WHERE id = 94 LIMIT 1
13:54:24	database_module	debug	SQL Query: SELECT id, username, real_name, password, token_reset_password, token_activation, activated FROM users WHERE username = "mail@tonyg.se" LIMIT 1
13:54:24	database_module	debug	SQL Query: SELECT id, name, genre, rating, seen, media_type, recommended FROM movies WHERE id = 94 LIMIT 1
13:54:27	database_module	debug	SQL Query: SELECT id, username, real_name, password, token_reset_password, token_activation, activated FROM users WHERE username = "mail@tonyg.se" LIMIT 1
13:54:27	database_module	debug	SQL Query: SELECT id, name, genre, rating, seen, media_type, recommended FROM movies ORDER BY name ASC LIMIT 0, 5
13:54:31	database_module	debug	SQL Query: SELECT id, username, real_name, password, token_reset_password, token_activation, activated FROM users WHERE username = "mail@tonyg.se" LIMIT 1
13:54:31	database_module	debug	SQL Query: SELECT id, name, genre, rating, seen, media_type, recommended FROM movies WHERE id = 98 LIMIT 1
13:54:32	database_module	debug	SQL Query: SELECT id, username, real_name, password, token_reset_password, token_activation, activated FROM users WHERE username = "mail@tonyg.se" LIMIT 1
13:54:32	database_module	debug	SQL Query: SELECT id, name, genre, rating, seen, media_type, recommended FROM movies ORDER BY name ASC LIMIT 0, 5
13:54:35	database_module	debug	SQL Query: SELECT id, username, real_name, password, token_reset_password, token_activation, activated FROM users WHERE username = "mail@tonyg.se" LIMIT 1
13:54:35	auth_module	info	mail@tonyg.se logged in from ::1
13:54:35	database_module	debug	SQL Query: SELECT id, username, real_name, password, token_reset_password, token_activation, activated FROM users WHERE username = "mail@tonyg.se" LIMIT 1
13:54:35	database_module	debug	SQL Query: SELECT id, name, genre, rating, seen, media_type, recommended FROM movies WHERE id = 98 LIMIT 1
13:54:36	database_module	debug	SQL Query: SELECT id, username, real_name, password, token_reset_password, token_activation, activated FROM users WHERE username = "mail@tonyg.se" LIMIT 1
13:54:36	database_module	debug	SQL Query: SELECT id, name, genre, rating, seen, media_type, recommended FROM movies ORDER BY name ASC LIMIT 0, 5
13:54:38	database_module	debug	SQL Query: SELECT id, username, real_name, password, token_reset_password, token_activation, activated FROM users WHERE username = "mail@tonyg.se" LIMIT 1
13:54:40	database_module	debug	SQL Query: SELECT id, username, real_name, password, token_reset_password, token_activation, activated FROM users WHERE username = "mail@tonyg.se" LIMIT 1
13:54:40	database_module	debug	SQL Query: SELECT id, name, genre, rating, seen, media_type, recommended FROM movies ORDER BY name ASC LIMIT 0, 5
13:58:20	database_module	debug	SQL Query: SELECT id, username, real_name, password, token_reset_password, token_activation, activated FROM users WHERE username = "mail@tonyg.se" LIMIT 1
13:58:20	database_module	debug	SQL Query: SELECT id, name, genre, rating, seen, media_type, recommended FROM movies ORDER BY name ASC LIMIT 0, 5
13:58:24	database_module	debug	SQL Query: SELECT id, username, real_name, password, token_reset_password, token_activation, activated FROM users WHERE username = "mail@tonyg.se" LIMIT 1
13:58:24	database_module	debug	SQL Query: SELECT id, name, genre, rating, seen, media_type, recommended FROM movies WHERE id = 97 LIMIT 1
13:58:25	database_module	debug	SQL Query: SELECT id, username, real_name, password, token_reset_password, token_activation, activated FROM users WHERE username = "mail@tonyg.se" LIMIT 1
13:58:25	database_module	debug	SQL Query: SELECT id, name, genre, rating, seen, media_type, recommended FROM movies ORDER BY name ASC LIMIT 0, 5
13:58:27	database_module	debug	SQL Query: SELECT id, username, real_name, password, token_reset_password, token_activation, activated FROM users WHERE username = "mail@tonyg.se" LIMIT 1
13:58:27	database_module	debug	SQL Query: SELECT id, name, genre, rating, seen, media_type, recommended FROM movies ORDER BY name ASC LIMIT 5, 5
13:58:29	database_module	debug	SQL Query: SELECT id, username, real_name, password, token_reset_password, token_activation, activated FROM users WHERE username = "mail@tonyg.se" LIMIT 1
13:58:29	database_module	debug	SQL Query: SELECT id, name, genre, rating, seen, media_type, recommended FROM movies ORDER BY name ASC LIMIT 0, 5
13:58:38	database_module	debug	SQL Query: SELECT id, username, real_name, password, token_reset_password, token_activation, activated FROM users WHERE username = "mail@tonyg.se" LIMIT 1
13:58:38	xml_module	info	Generated sitemap.xml by IP ::1
13:58:52	database_module	debug	SQL Query: SELECT id, username, real_name, password, token_reset_password, token_activation, activated FROM users WHERE username = "mail@tonyg.se" LIMIT 1
13:58:58	database_module	debug	SQL Query: SELECT id, username, real_name, password, token_reset_password, token_activation, activated FROM users WHERE username = "mail@tonyg.se" LIMIT 1
13:58:58	xml_module	info	Generated sitemap.xml by IP ::1
13:59:54	database_module	debug	SQL Query: SELECT id, username, real_name, password, token_reset_password, token_activation, activated FROM users WHERE username = "mail@tonyg.se" LIMIT 1
13:59:54	xml_module	info	Generated sitemap.xml by IP ::1
13:59:55	database_module	debug	SQL Query: SELECT id, username, real_name, password, token_reset_password, token_activation, activated FROM users WHERE username = "mail@tonyg.se" LIMIT 1
13:59:55	xml_module	info	Generated sitemap.xml by IP ::1
13:59:58	database_module	debug	SQL Query: SELECT id, username, real_name, password, token_reset_password, token_activation, activated FROM users WHERE username = "mail@tonyg.se" LIMIT 1
13:59:58	xml_module	info	Generated sitemap.xml by IP ::1
14:00:01	database_module	debug	SQL Query: SELECT id, username, real_name, password, token_reset_password, token_activation, activated FROM users WHERE username = "mail@tonyg.se" LIMIT 1
14:00:01	database_module	debug	SQL Query: SELECT id, name, genre, rating, seen, media_type, recommended FROM movies ORDER BY name ASC LIMIT 0, 5
14:00:05	database_module	debug	SQL Query: SELECT id, username, real_name, password, token_reset_password, token_activation, activated FROM users WHERE username = "mail@tonyg.se" LIMIT 1
14:00:07	database_module	debug	SQL Query: SELECT id, username, real_name, password, token_reset_password, token_activation, activated FROM users WHERE username = "mail@tonyg.se" LIMIT 1
14:00:07	database_module	debug	SQL Query: SELECT id, name, genre, rating, seen, media_type, recommended FROM movies ORDER BY name ASC LIMIT 0, 5
14:00:11	database_module	debug	SQL Query: SELECT id, username, real_name, password, token_reset_password, token_activation, activated FROM users WHERE username = "mail@tonyg.se" LIMIT 1
14:00:11	database_module	debug	SQL Query: SELECT id, name, genre, rating, seen, media_type, recommended FROM movies ORDER BY name ASC LIMIT 5, 5
14:00:14	database_module	debug	SQL Query: SELECT id, username, real_name, password, token_reset_password, token_activation, activated FROM users WHERE username = "mail@tonyg.se" LIMIT 1
14:00:14	database_module	debug	SQL Query: SELECT id, name, genre, rating, seen, media_type, recommended FROM movies ORDER BY name ASC LIMIT 0, 5
14:00:19	database_module	debug	SQL Query: SELECT id, username, real_name, password, token_reset_password, token_activation, activated FROM users WHERE username = "mail@tonyg.se" LIMIT 1
14:00:19	auth_module	info	mail@tonyg.se logged in from ::1
14:00:19	database_module	debug	SQL Query: SELECT id, username, real_name, password, token_reset_password, token_activation, activated FROM users WHERE username = "mail@tonyg.se" LIMIT 1
14:00:19	database_module	debug	SQL Query: SELECT id, name, genre, rating, seen, media_type, recommended FROM movies WHERE id = 98 LIMIT 1
14:00:20	database_module	debug	SQL Query: SELECT id, username, real_name, password, token_reset_password, token_activation, activated FROM users WHERE username = "mail@tonyg.se" LIMIT 1
14:00:20	database_module	debug	SQL Query: SELECT id, name, genre, rating, seen, media_type, recommended FROM movies ORDER BY name ASC LIMIT 0, 5
14:00:22	database_module	debug	SQL Query: SELECT id, username, real_name, password, token_reset_password, token_activation, activated FROM users WHERE username = "mail@tonyg.se" LIMIT 1
14:00:22	database_module	debug	SQL Query: SELECT id, name, genre, rating, seen, media_type, recommended FROM movies ORDER BY name ASC LIMIT 0, 5
14:00:24	database_module	debug	SQL Query: SELECT id, name, genre, rating, seen, media_type, recommended FROM movies WHERE name LIKE "%the%" ORDER BY name ASC LIMIT 0, 5
14:00:29	database_module	debug	SQL Query: SELECT id, name, genre, rating, seen, media_type, recommended FROM movies ORDER BY name ASC LIMIT 0, 5
14:00:45	database_module	debug	SQL Query: SELECT id, name, genre, rating, seen, media_type, recommended FROM movies ORDER BY name ASC LIMIT 0, 5
14:00:48	database_module	debug	SQL Query: SELECT id, name, genre, rating, seen, media_type, recommended FROM movies ORDER BY name ASC LIMIT 5, 5
14:00:51	database_module	debug	SQL Query: SELECT id, name, genre, rating, seen, media_type, recommended FROM movies ORDER BY name ASC LIMIT 0, 5
14:00:54	database_module	debug	SQL Query: SELECT id, username, real_name, password, token_reset_password, token_activation, activated FROM users WHERE username = "mail@tonyg.se" LIMIT 1
14:00:54	auth_module	info	mail@tonyg.se logged in from ::1
14:00:54	database_module	debug	SQL Query: SELECT id, username, real_name, password, token_reset_password, token_activation, activated FROM users WHERE username = "mail@tonyg.se" LIMIT 1
14:00:56	database_module	debug	SQL Query: SELECT id, username, real_name, password, token_reset_password, token_activation, activated FROM users WHERE username = "mail@tonyg.se" LIMIT 1
14:00:56	database_module	debug	SQL Query: SELECT id, name, genre, rating, seen, media_type, recommended FROM movies ORDER BY name ASC LIMIT 0, 5
14:00:58	database_module	debug	SQL Query: SELECT id, username, real_name, password, token_reset_password, token_activation, activated FROM users WHERE username = "mail@tonyg.se" LIMIT 1
14:01:00	database_module	debug	SQL Query: SELECT id, username, real_name, password, token_reset_password, token_activation, activated FROM users WHERE username = "mail@tonyg.se" LIMIT 1
14:01:00	database_module	debug	SQL Query: SELECT id, name, genre, rating, seen, media_type, recommended FROM movies ORDER BY name ASC LIMIT 0, 5
14:01:02	database_module	debug	SQL Query: SELECT id, username, real_name, password, token_reset_password, token_activation, activated FROM users WHERE username = "mail@tonyg.se" LIMIT 1
14:01:02	database_module	debug	SQL Query: SELECT id, name, genre, rating, seen, media_type, recommended FROM movies ORDER BY name ASC LIMIT 0, 5
17:52:01	database_module	debug	SQL Query: SELECT id, name, genre, rating, seen, media_type, recommended FROM movies ORDER BY name ASC LIMIT 0, 5
17:52:01	session_module	info	a51rv0tbi7d3nr6544dqtcf6a3 logged out due to session timeout (13859/1800 seconds)
17:52:07	database_module	debug	SQL Query: SELECT id, name, genre, rating, seen, media_type, recommended FROM movies WHERE name LIKE "%mov%" ORDER BY name ASC LIMIT 0, 5
17:52:12	database_module	debug	SQL Query: SELECT id, name, genre, rating, seen, media_type, recommended FROM movies WHERE name LIKE "%le%" ORDER BY name ASC LIMIT 0, 5
17:52:17	database_module	debug	SQL Query: SELECT id, name, genre, rating, seen, media_type, recommended FROM movies WHERE name LIKE "%levhs%" ORDER BY name ASC LIMIT 0, 5
17:52:20	database_module	debug	SQL Query: SELECT id, name, genre, rating, seen, media_type, recommended FROM movies ORDER BY name ASC LIMIT 0, 5
17:52:22	database_module	debug	SQL Query: SELECT id, name, genre, rating, seen, media_type, recommended FROM movies ORDER BY name ASC LIMIT 0, 5
17:52:25	database_module	debug	SQL Query: SELECT id, name, genre, rating, seen, media_type, recommended FROM movies ORDER BY name ASC LIMIT 5, 5
17:52:27	database_module	debug	SQL Query: SELECT id, name, genre, rating, seen, media_type, recommended FROM movies ORDER BY name ASC LIMIT 0, 5
17:52:28	database_module	debug	SQL Query: SELECT id, name, genre, rating, seen, media_type, recommended FROM movies ORDER BY rating ASC LIMIT 0, 5
17:52:30	database_module	debug	SQL Query: SELECT id, name, genre, rating, seen, media_type, recommended FROM movies ORDER BY rating ASC LIMIT 5, 5
17:52:32	database_module	debug	SQL Query: SELECT id, name, genre, rating, seen, media_type, recommended FROM movies ORDER BY rating DESC LIMIT 5, 5
17:52:34	database_module	debug	SQL Query: SELECT id, name, genre, rating, seen, media_type, recommended FROM movies ORDER BY rating DESC LIMIT 0, 5
17:52:46	database_module	debug	SQL Query: SELECT id, username, real_name, password, token_reset_password, token_activation, activated FROM users WHERE username = "mail@tonyg.se" LIMIT 1
17:52:46	session_module	debug	Flash set: flash_next_error
17:52:46	session_module	debug	Flash get: error
17:52:46	session_module	debug	Flash get: error
17:52:49	database_module	debug	SQL Query: SELECT id, username, real_name, password, token_reset_password, token_activation, activated FROM users WHERE username = "mail@tonyg.se" LIMIT 1
17:52:49	auth_module	info	mail@tonyg.se logged in from ::1
17:52:49	database_module	debug	SQL Query: SELECT id, username, real_name, password, token_reset_password, token_activation, activated FROM users WHERE username = "mail@tonyg.se" LIMIT 1
17:53:00	database_module	debug	SQL Query: SELECT id, username, real_name, password, token_reset_password, token_activation, activated FROM users WHERE username = "mail@tonyg.se" LIMIT 1
17:53:01	form_module	info	Uploaded C:/xampp/htdocs/opusframe/assets/images/uploads/movies/temp_5449245133aed/temp_5449245133aed_1.jpg
17:53:01	database_module	debug	SQL Query: SELECT id, username, real_name, password, token_reset_password, token_activation, activated FROM users WHERE username = "mail@tonyg.se" LIMIT 1
17:53:01	database_module	debug	SQL Query: INSERT INTO movies (name, genre, media_type, rating, seen, recommended) VALUES (?, ?, ?, ?, ?, ?);
17:53:01	database_module	debug	SQL Query: SELECT id, username, real_name, password, token_reset_password, token_activation, activated FROM users WHERE username = "mail@tonyg.se" LIMIT 1
17:53:01	database_module	debug	SQL Query: SELECT id, name, genre, rating, seen, media_type, recommended FROM movies ORDER BY name ASC LIMIT 0, 5
17:53:04	database_module	debug	SQL Query: SELECT id, username, real_name, password, token_reset_password, token_activation, activated FROM users WHERE username = "mail@tonyg.se" LIMIT 1
17:53:04	database_module	debug	SQL Query: SELECT id, name, genre, rating, seen, media_type, recommended FROM movies WHERE id = 105 LIMIT 1
17:53:20	database_module	debug	SQL Query: SELECT id, username, real_name, password, token_reset_password, token_activation, activated FROM users WHERE username = "mail@tonyg.se" LIMIT 1
17:53:20	form_module	info	Uploaded C:/xampp/htdocs/opusframe/assets/images/uploads/movies/105/105_2.jpg
17:53:21	database_module	debug	SQL Query: SELECT id, username, real_name, password, token_reset_password, token_activation, activated FROM users WHERE username = "mail@tonyg.se" LIMIT 1
17:53:21	database_module	debug	SQL Query: UPDATE movies SET name = ?, genre = ?, rating = ?, seen = ?, media_type = ?, recommended = ? WHERE id = ?
17:53:21	database_module	debug	SQL Query: SELECT id, username, real_name, password, token_reset_password, token_activation, activated FROM users WHERE username = "mail@tonyg.se" LIMIT 1
17:53:21	database_module	debug	SQL Query: SELECT id, name, genre, rating, seen, media_type, recommended FROM movies ORDER BY name ASC LIMIT 0, 5
17:53:23	database_module	debug	SQL Query: SELECT id, username, real_name, password, token_reset_password, token_activation, activated FROM users WHERE username = "mail@tonyg.se" LIMIT 1
17:53:23	database_module	debug	SQL Query: SELECT id, name, genre, rating, seen, media_type, recommended FROM movies WHERE id = 105 LIMIT 1
17:53:25	database_module	debug	SQL Query: SELECT id, username, real_name, password, token_reset_password, token_activation, activated FROM users WHERE username = "mail@tonyg.se" LIMIT 1
17:53:26	database_module	debug	SQL Query: SELECT id, username, real_name, password, token_reset_password, token_activation, activated FROM users WHERE username = "mail@tonyg.se" LIMIT 1
17:53:27	database_module	debug	SQL Query: SELECT id, username, real_name, password, token_reset_password, token_activation, activated FROM users WHERE username = "mail@tonyg.se" LIMIT 1
17:53:27	database_module	debug	SQL Query: UPDATE movies SET name = ?, genre = ?, rating = ?, seen = ?, media_type = ?, recommended = ? WHERE id = ?
17:53:27	database_module	debug	SQL Query: SELECT id, username, real_name, password, token_reset_password, token_activation, activated FROM users WHERE username = "mail@tonyg.se" LIMIT 1
17:53:27	database_module	debug	SQL Query: SELECT id, name, genre, rating, seen, media_type, recommended FROM movies ORDER BY name ASC LIMIT 0, 5
17:53:31	database_module	debug	SQL Query: SELECT id, username, real_name, password, token_reset_password, token_activation, activated FROM users WHERE username = "mail@tonyg.se" LIMIT 1
17:53:31	database_module	debug	SQL Query: DELETE FROM movies WHERE id = ?
17:53:31	database_module	debug	SQL Query: SELECT id, username, real_name, password, token_reset_password, token_activation, activated FROM users WHERE username = "mail@tonyg.se" LIMIT 1
17:53:31	database_module	debug	SQL Query: SELECT id, name, genre, rating, seen, media_type, recommended FROM movies ORDER BY name ASC LIMIT 0, 5
17:53:45	database_module	debug	SQL Query: SELECT id, username, real_name, password, token_reset_password, token_activation, activated FROM users WHERE username = "mail@tonyg.se" LIMIT 1
17:53:49	database_module	debug	SQL Query: SELECT id, username, real_name, password, token_reset_password, token_activation, activated FROM users WHERE username = "mail@tonyg.se" LIMIT 1
17:53:49	database_module	debug	SQL Query: SELECT id, name, genre, rating, seen, media_type, recommended FROM movies ORDER BY name ASC LIMIT 0, 5
17:54:10	database_module	debug	SQL Query: SELECT id, username, real_name, password, token_reset_password, token_activation, activated FROM users WHERE username = "mail@tonyg.se" LIMIT 1
17:54:10	database_module	debug	SQL Query: SELECT id, name, genre, rating, seen, media_type, recommended FROM movies ORDER BY name ASC LIMIT 0, 5
17:56:03	database_module	debug	SQL Query: SELECT id, username, real_name, password, token_reset_password, token_activation, activated FROM users WHERE username = "mail@tonyg.se" LIMIT 1
17:56:03	database_module	debug	SQL Query: SELECT id, name, genre, rating, seen, media_type, recommended FROM movies ORDER BY name ASC LIMIT 0, 5
17:56:08	database_module	debug	SQL Query: SELECT id, username, real_name, password, token_reset_password, token_activation, activated FROM users WHERE username = "mail@tonyg.se" LIMIT 1
17:56:11	database_module	debug	SQL Query: SELECT id, username, real_name, password, token_reset_password, token_activation, activated FROM users WHERE username = "mail@tonyg.se" LIMIT 1
17:56:11	database_module	debug	SQL Query: SELECT id, name, genre, rating, seen, media_type, recommended FROM movies ORDER BY name ASC LIMIT 0, 5
17:58:15	database_module	debug	SQL Query: SELECT id, username, real_name, password, token_reset_password, token_activation, activated FROM users WHERE username = "mail@tonyg.se" LIMIT 1
17:58:15	database_module	debug	SQL Query: SELECT id, name, genre, rating, seen, media_type, recommended FROM movies ORDER BY name ASC LIMIT 0, 5
