08:37:38	log_module	info	Removing old log files, if any...
08:37:38	database_module	debug	SQL Query: SELECT id, name, genre, rating, seen, media_type, recommended FROM movies ORDER BY name ASC LIMIT 0, 5
08:40:01	database_module	debug	SQL Query: SELECT id, name, genre, rating, seen, media_type, recommended FROM movies ORDER BY name ASC LIMIT 0, 5
08:40:05	database_module	debug	SQL Query: SELECT id, name, genre, rating, seen, media_type, recommended FROM movies ORDER BY name ASC LIMIT 0, 5
08:40:07	database_module	debug	SQL Query: SELECT id, name, genre, rating, seen, media_type, recommended FROM movies ORDER BY name ASC LIMIT 0, 5
08:40:10	database_module	debug	SQL Query: SELECT id, name, genre, rating, seen, media_type, recommended FROM movies ORDER BY name ASC LIMIT 5, 5
08:40:12	database_module	debug	SQL Query: SELECT id, username, real_name, password, token_reset_password, token_activation, activated FROM users WHERE username = "mail@tonyg.se" LIMIT 1
08:40:12	auth_module	info	mail@tonyg.se logged in from ::1
08:40:12	database_module	debug	SQL Query: SELECT id, username, real_name, password, token_reset_password, token_activation, activated FROM users WHERE username = "mail@tonyg.se" LIMIT 1
08:40:12	database_module	debug	SQL Query: SELECT id, name, genre, rating, seen, media_type, recommended FROM movies WHERE id = 101 LIMIT 1
08:40:13	database_module	debug	SQL Query: SELECT id, username, real_name, password, token_reset_password, token_activation, activated FROM users WHERE username = "mail@tonyg.se" LIMIT 1
08:40:13	database_module	debug	SQL Query: SELECT id, name, genre, rating, seen, media_type, recommended FROM movies ORDER BY name ASC LIMIT 0, 5
08:40:14	database_module	debug	SQL Query: SELECT id, username, real_name, password, token_reset_password, token_activation, activated FROM users WHERE username = "mail@tonyg.se" LIMIT 1
08:40:14	database_module	debug	SQL Query: SELECT id, name, genre, rating, seen, media_type, recommended FROM movies WHERE id = 98 LIMIT 1
08:40:15	database_module	debug	SQL Query: SELECT id, username, real_name, password, token_reset_password, token_activation, activated FROM users WHERE username = "mail@tonyg.se" LIMIT 1
08:40:15	database_module	debug	SQL Query: SELECT id, name, genre, rating, seen, media_type, recommended FROM movies ORDER BY name ASC LIMIT 0, 5
08:40:16	database_module	debug	SQL Query: SELECT id, username, real_name, password, token_reset_password, token_activation, activated FROM users WHERE username = "mail@tonyg.se" LIMIT 1
08:40:17	database_module	debug	SQL Query: SELECT id, name, genre, rating, seen, media_type, recommended FROM movies ORDER BY name ASC LIMIT 0, 5
08:40:19	database_module	debug	SQL Query: SELECT id, name, genre, rating, seen, media_type, recommended FROM movies ORDER BY name ASC LIMIT 0, 5
08:44:42	database_module	debug	SQL Query: SELECT id, name, genre, rating, seen, media_type, recommended FROM movies ORDER BY name ASC LIMIT 0, 5
08:48:23	database_module	debug	SQL Query: SELECT id, username, real_name, password, token_reset_password, token_activation, activated FROM users WHERE username = "mail@tonyg.se" LIMIT 1
08:48:23	auth_module	info	mail@tonyg.se logged in from ::1
08:48:23	database_module	debug	SQL Query: SELECT id, username, real_name, password, token_reset_password, token_activation, activated FROM users WHERE username = "mail@tonyg.se" LIMIT 1
08:48:23	database_module	debug	SQL Query: SELECT id, name, genre, rating, seen, media_type, recommended FROM movies WHERE id = 98 LIMIT 1
08:48:26	database_module	debug	SQL Query: SELECT id, username, real_name, password, token_reset_password, token_activation, activated FROM users WHERE username = "mail@tonyg.se" LIMIT 1
08:48:26	database_module	debug	SQL Query: SELECT id, name, genre, rating, seen, media_type, recommended FROM movies ORDER BY name ASC LIMIT 0, 5
08:48:28	database_module	debug	SQL Query: SELECT id, username, real_name, password, token_reset_password, token_activation, activated FROM users WHERE username = "mail@tonyg.se" LIMIT 1
08:48:28	database_module	debug	SQL Query: SELECT id, name, genre, rating, seen, media_type, recommended FROM movies ORDER BY name ASC LIMIT 0, 5
08:48:36	database_module	debug	SQL Query: SELECT id, name, genre, rating, seen, media_type, recommended FROM movies ORDER BY name ASC LIMIT 0, 5
08:48:43	database_module	debug	SQL Query: SELECT id, name, genre, rating, seen, media_type, recommended FROM movies ORDER BY name ASC LIMIT 0, 5
08:49:41	database_module	debug	SQL Query: SELECT id, name, genre, rating, seen, media_type, recommended FROM movies ORDER BY name ASC LIMIT 0, 5
08:49:47	database_module	debug	SQL Query: SELECT id, username, real_name, password, token_reset_password, token_activation, activated FROM users WHERE username = "mail@tonyg.se" LIMIT 1
08:49:47	auth_module	info	mail@tonyg.se logged in from ::1
08:49:47	database_module	debug	SQL Query: SELECT id, username, real_name, password, token_reset_password, token_activation, activated FROM users WHERE username = "mail@tonyg.se" LIMIT 1
08:49:49	database_module	debug	SQL Query: SELECT id, username, real_name, password, token_reset_password, token_activation, activated FROM users WHERE username = "mail@tonyg.se" LIMIT 1
08:49:49	database_module	debug	SQL Query: SELECT id, name, genre, rating, seen, media_type, recommended FROM movies ORDER BY name ASC LIMIT 0, 5
08:49:51	database_module	debug	SQL Query: SELECT id, username, real_name, password, token_reset_password, token_activation, activated FROM users WHERE username = "mail@tonyg.se" LIMIT 1
08:51:04	database_module	debug	SQL Query: SELECT id, username, real_name, password, token_reset_password, token_activation, activated FROM users WHERE username = "mail@tonyg.se" LIMIT 1
08:51:04	database_module	debug	SQL Query: SELECT id, name, genre, rating, seen, media_type, recommended FROM movies ORDER BY name ASC LIMIT 0, 5
08:51:05	database_module	debug	SQL Query: SELECT id, username, real_name, password, token_reset_password, token_activation, activated FROM users WHERE username = "mail@tonyg.se" LIMIT 1
08:51:05	database_module	debug	SQL Query: SELECT id, name, genre, rating, seen, media_type, recommended FROM movies WHERE id = 98 LIMIT 1
08:51:07	database_module	debug	SQL Query: SELECT id, username, real_name, password, token_reset_password, token_activation, activated FROM users WHERE username = "mail@tonyg.se" LIMIT 1
08:51:07	database_module	debug	SQL Query: SELECT id, name, genre, rating, seen, media_type, recommended FROM movies ORDER BY name ASC LIMIT 0, 5
08:51:08	database_module	debug	SQL Query: SELECT id, username, real_name, password, token_reset_password, token_activation, activated FROM users WHERE username = "mail@tonyg.se" LIMIT 1
08:51:08	database_module	debug	SQL Query: SELECT id, name, genre, rating, seen, media_type, recommended FROM movies ORDER BY name ASC LIMIT 0, 5
08:51:11	database_module	debug	SQL Query: SELECT id, name, genre, rating, seen, media_type, recommended FROM movies WHERE name LIKE "%the%" ORDER BY name ASC LIMIT 0, 5
08:52:00	instagram_module	info	Downloading images from instagram with IP: ::1
08:53:35	xml_module	info	Generated sitemap.xml by IP ::1
08:53:39	xml_module	info	Generated sitemap.xml by IP ::1
08:54:14	xml_module	info	Generated sitemap.xml by IP ::1
08:54:55	instagram_module	info	Downloading images from instagram with IP: ::1
08:54:55	database_module	debug	SQL Query: SELECT id, name, genre, rating, seen, media_type, recommended FROM movies ORDER BY name ASC LIMIT 0, 5
08:54:55	database_module	debug	SQL Query: SELECT id, name, genre, rating, seen, media_type, recommended FROM movies ORDER BY name ASC LIMIT 0, 5
16:12:45	database_module	debug	SQL Query: SELECT id, name, genre, rating, seen, media_type, recommended FROM movies ORDER BY name ASC LIMIT 0, 5
16:12:45	session_module	info	vjc4s7ho07s7q5h7kemdvhi8d4 logged out due to session timeout (26270/1800 seconds)
16:15:21	database_module	debug	SQL Query: SELECT id, name, genre, rating, seen, media_type, recommended FROM movies ORDER BY name ASC LIMIT 0, 5
16:16:00	database_module	debug	SQL Query: SELECT id, name, genre, rating, seen, media_type, recommended FROM movies ORDER BY name ASC LIMIT 0, 5
16:16:06	database_module	debug	SQL Query: SELECT id, name, genre, rating, seen, media_type, recommended FROM movies ORDER BY name ASC LIMIT 0, 5
16:20:22	database_module	debug	SQL Query: SELECT id, name, genre, rating, seen, media_type, recommended FROM movies ORDER BY name ASC LIMIT 0, 5
16:20:30	database_module	debug	SQL Query: SELECT id, name, genre, rating, seen, media_type, recommended FROM movies ORDER BY name ASC LIMIT 0, 5
16:22:26	database_module	debug	SQL Query: SELECT id, username, real_name, password, token_reset_password, token_activation, activated FROM users WHERE username = "mail@tonyg.se" LIMIT 1
16:22:27	auth_module	info	mail@tonyg.se logged in from ::1
16:22:27	database_module	debug	SQL Query: SELECT id, username, real_name, password, token_reset_password, token_activation, activated FROM users WHERE username = "mail@tonyg.se" LIMIT 1
16:22:28	database_module	debug	SQL Query: SELECT id, username, real_name, password, token_reset_password, token_activation, activated FROM users WHERE username = "mail@tonyg.se" LIMIT 1
16:22:28	database_module	debug	SQL Query: SELECT id, name, genre, rating, seen, media_type, recommended FROM movies ORDER BY name ASC LIMIT 0, 5
16:22:30	database_module	debug	SQL Query: SELECT id, username, real_name, password, token_reset_password, token_activation, activated FROM users WHERE username = "mail@tonyg.se" LIMIT 1
16:22:30	database_module	debug	SQL Query: SELECT id, name, genre, rating, seen, media_type, recommended FROM movies WHERE id = 98 LIMIT 1
16:22:32	database_module	debug	SQL Query: SELECT id, username, real_name, password, token_reset_password, token_activation, activated FROM users WHERE username = "mail@tonyg.se" LIMIT 1
16:22:32	database_module	debug	SQL Query: SELECT id, name, genre, rating, seen, media_type, recommended FROM movies ORDER BY name ASC LIMIT 0, 5
