12:48:57	log_module	info	Removing old log files, if any...
12:48:57	database_module	debug	SQL Query: SELECT id, name, genre, rating, seen, media_type, recommended FROM movies ORDER BY name ASC LIMIT 0, 5
12:48:57	load	info	Creating CSS bundle bundle_my_bundle.css
12:49:03	database_module	debug	SQL Query: SELECT id, name, genre, rating, seen, media_type, recommended FROM movies ORDER BY name ASC LIMIT 0, 5
12:49:03	load	info	Creating CSS bundle bundle_my_bundle.css
12:50:17	database_module	debug	SQL Query: SELECT id, name, genre, rating, seen, media_type, recommended FROM movies ORDER BY name ASC LIMIT 0, 5
12:50:17	load	info	Creating CSS bundle bundle_my_bundle.css
12:50:49	database_module	debug	SQL Query: SELECT id, name, genre, rating, seen, media_type, recommended FROM movies ORDER BY name ASC LIMIT 0, 5
12:50:49	load	info	Creating CSS bundle bundle_my_bundle.css
12:51:06	database_module	debug	SQL Query: SELECT id, name, genre, rating, seen, media_type, recommended FROM movies ORDER BY name ASC LIMIT 0, 5
12:51:06	load	info	Creating CSS bundle bundle_my_bundle.css
12:51:18	database_module	debug	SQL Query: SELECT id, name, genre, rating, seen, media_type, recommended FROM movies ORDER BY name ASC LIMIT 0, 5
12:51:18	load	info	Creating CSS bundle bundle_my_bundle.css
12:51:19	database_module	debug	SQL Query: SELECT id, name, genre, rating, seen, media_type, recommended FROM movies ORDER BY name ASC LIMIT 0, 5
12:51:19	load	info	Creating CSS bundle bundle_my_bundle.css
12:51:24	database_module	debug	SQL Query: SELECT id, name, genre, rating, seen, media_type, recommended FROM movies ORDER BY name ASC LIMIT 0, 5
12:51:24	load	info	Creating CSS bundle bundle_my_bundle.css
12:51:25	database_module	debug	SQL Query: SELECT id, name, genre, rating, seen, media_type, recommended FROM movies ORDER BY name ASC LIMIT 0, 5
12:51:25	load	info	Creating CSS bundle bundle_my_bundle.css
12:51:31	database_module	debug	SQL Query: SELECT id, name, genre, rating, seen, media_type, recommended FROM movies ORDER BY name ASC LIMIT 0, 5
12:51:31	load	info	Creating CSS bundle bundle_my_bundle.css
12:51:35	database_module	debug	SQL Query: SELECT id, name, genre, rating, seen, media_type, recommended FROM movies ORDER BY name ASC LIMIT 0, 5
12:51:35	load	info	Creating CSS bundle bundle_my_bundle.css
12:51:48	database_module	debug	SQL Query: SELECT id, name, genre, rating, seen, media_type, recommended FROM movies ORDER BY name ASC LIMIT 0, 5
12:51:48	load	info	Creating CSS bundle bundle_my_bundle.css
12:52:07	database_module	debug	SQL Query: SELECT id, name, genre, rating, seen, media_type, recommended FROM movies ORDER BY name ASC LIMIT 0, 5
12:52:14	database_module	debug	SQL Query: SELECT id, name, genre, rating, seen, media_type, recommended FROM movies ORDER BY name ASC LIMIT 0, 5
12:52:16	database_module	debug	SQL Query: SELECT id, name, genre, rating, seen, media_type, recommended FROM movies ORDER BY name ASC LIMIT 0, 5
12:52:16	database_module	debug	SQL Query: SELECT id, name, genre, rating, seen, media_type, recommended FROM movies ORDER BY name ASC LIMIT 0, 5
12:52:20	database_module	debug	SQL Query: SELECT id, name, genre, rating, seen, media_type, recommended FROM movies ORDER BY name ASC LIMIT 0, 5
12:53:11	database_module	debug	SQL Query: SELECT id, name, genre, rating, seen, media_type, recommended FROM movies ORDER BY name ASC LIMIT 0, 5
12:53:19	database_module	debug	SQL Query: SELECT id, name, genre, rating, seen, media_type, recommended FROM movies ORDER BY name ASC LIMIT 0, 5
12:55:07	database_module	debug	SQL Query: SELECT id, name, genre, rating, seen, media_type, recommended FROM movies ORDER BY name ASC LIMIT 0, 5
12:56:18	database_module	debug	SQL Query: SELECT id, name, genre, rating, seen, media_type, recommended FROM movies ORDER BY name ASC LIMIT 0, 5
12:56:18	load	info	Creating CSS bundle bundle_my_bundle.css
12:56:23	database_module	debug	SQL Query: SELECT id, name, genre, rating, seen, media_type, recommended FROM movies ORDER BY name ASC LIMIT 0, 5
12:56:23	load	info	Creating CSS bundle bundle_my_bundle.css
12:56:28	database_module	debug	SQL Query: SELECT id, name, genre, rating, seen, media_type, recommended FROM movies ORDER BY name ASC LIMIT 0, 5
12:56:28	load	info	Creating CSS bundle bundle_my_bundle.css
12:57:44	database_module	debug	SQL Query: SELECT id, name, genre, rating, seen, media_type, recommended FROM movies ORDER BY name ASC LIMIT 0, 5
12:57:52	database_module	debug	SQL Query: SELECT id, name, genre, rating, seen, media_type, recommended FROM movies ORDER BY name ASC LIMIT 0, 5
12:58:02	database_module	debug	SQL Query: SELECT id, name, genre, rating, seen, media_type, recommended FROM movies ORDER BY name ASC LIMIT 0, 5
12:58:19	database_module	debug	SQL Query: SELECT id, name, genre, rating, seen, media_type, recommended FROM movies ORDER BY name ASC LIMIT 0, 5
12:58:55	database_module	debug	SQL Query: SELECT id, name, genre, rating, seen, media_type, recommended FROM movies ORDER BY name ASC LIMIT 0, 5
12:59:31	database_module	debug	SQL Query: SELECT id, name, genre, rating, seen, media_type, recommended FROM movies ORDER BY name ASC LIMIT 0, 5
12:59:31	database_module	debug	SQL Query: SELECT id, name, genre, rating, seen, media_type, recommended FROM movies ORDER BY name ASC LIMIT 0, 5
12:59:32	database_module	debug	SQL Query: SELECT id, name, genre, rating, seen, media_type, recommended FROM movies ORDER BY name ASC LIMIT 0, 5
12:59:32	database_module	debug	SQL Query: SELECT id, name, genre, rating, seen, media_type, recommended FROM movies ORDER BY name ASC LIMIT 0, 5
12:59:33	database_module	debug	SQL Query: SELECT id, name, genre, rating, seen, media_type, recommended FROM movies ORDER BY name ASC LIMIT 0, 5
12:59:33	database_module	debug	SQL Query: SELECT id, name, genre, rating, seen, media_type, recommended FROM movies ORDER BY name ASC LIMIT 0, 5
12:59:34	database_module	debug	SQL Query: SELECT id, name, genre, rating, seen, media_type, recommended FROM movies ORDER BY name ASC LIMIT 0, 5
12:59:34	database_module	debug	SQL Query: SELECT id, name, genre, rating, seen, media_type, recommended FROM movies ORDER BY name ASC LIMIT 0, 5
12:59:35	database_module	debug	SQL Query: SELECT id, name, genre, rating, seen, media_type, recommended FROM movies ORDER BY name ASC LIMIT 0, 5
12:59:35	database_module	debug	SQL Query: SELECT id, name, genre, rating, seen, media_type, recommended FROM movies ORDER BY name ASC LIMIT 0, 5
12:59:55	database_module	debug	SQL Query: SELECT id, name, genre, rating, seen, media_type, recommended FROM movies ORDER BY name ASC LIMIT 0, 5
12:59:55	load	info	Creating CSS bundle bundle_my_bundle.css
13:00:01	database_module	debug	SQL Query: SELECT id, name, genre, rating, seen, media_type, recommended FROM movies ORDER BY name ASC LIMIT 0, 5
13:00:01	load	info	Creating CSS bundle bundle_my_bundle.css
13:00:07	database_module	debug	SQL Query: SELECT id, name, genre, rating, seen, media_type, recommended FROM movies ORDER BY name ASC LIMIT 0, 5
13:00:07	load	info	Creating CSS bundle bundle_my_bundle.css
13:00:52	database_module	debug	SQL Query: SELECT id, name, genre, rating, seen, media_type, recommended FROM movies ORDER BY name ASC LIMIT 0, 5
13:00:53	database_module	debug	SQL Query: SELECT id, name, genre, rating, seen, media_type, recommended FROM movies ORDER BY name ASC LIMIT 0, 5
13:01:00	database_module	debug	SQL Query: SELECT id, name, genre, rating, seen, media_type, recommended FROM movies ORDER BY name ASC LIMIT 0, 5
13:01:39	database_module	debug	SQL Query: SELECT id, name, genre, rating, seen, media_type, recommended FROM movies ORDER BY name ASC LIMIT 0, 5
13:01:49	database_module	debug	SQL Query: SELECT id, name, genre, rating, seen, media_type, recommended FROM movies ORDER BY name ASC LIMIT 0, 5
13:01:51	database_module	debug	SQL Query: SELECT id, name, genre, rating, seen, media_type, recommended FROM movies ORDER BY name ASC LIMIT 0, 5
13:02:24	database_module	debug	SQL Query: SELECT id, name, genre, rating, seen, media_type, recommended FROM movies ORDER BY name ASC LIMIT 0, 5
13:02:42	database_module	debug	SQL Query: SELECT id, name, genre, rating, seen, media_type, recommended FROM movies ORDER BY name ASC LIMIT 0, 5
13:03:01	database_module	debug	SQL Query: SELECT id, name, genre, rating, seen, media_type, recommended FROM movies ORDER BY name ASC LIMIT 0, 5
13:03:36	database_module	debug	SQL Query: SELECT id, name, genre, rating, seen, media_type, recommended FROM movies ORDER BY name ASC LIMIT 0, 5
13:03:43	database_module	debug	SQL Query: SELECT id, name, genre, rating, seen, media_type, recommended FROM movies ORDER BY name ASC LIMIT 0, 5
13:04:06	database_module	debug	SQL Query: SELECT id, name, genre, rating, seen, media_type, recommended FROM movies ORDER BY name ASC LIMIT 0, 5
13:04:31	database_module	debug	SQL Query: SELECT id, name, genre, rating, seen, media_type, recommended FROM movies ORDER BY name ASC LIMIT 0, 5
13:04:54	database_module	debug	SQL Query: SELECT id, name, genre, rating, seen, media_type, recommended FROM movies ORDER BY name ASC LIMIT 0, 5
13:04:54	load	info	Creating CSS bundle bundle_my_bundle.css
13:04:56	database_module	debug	SQL Query: SELECT id, name, genre, rating, seen, media_type, recommended FROM movies ORDER BY name ASC LIMIT 0, 5
13:04:57	database_module	debug	SQL Query: SELECT id, name, genre, rating, seen, media_type, recommended FROM movies ORDER BY name ASC LIMIT 0, 5
13:04:57	database_module	debug	SQL Query: SELECT id, name, genre, rating, seen, media_type, recommended FROM movies ORDER BY name ASC LIMIT 0, 5
13:04:58	database_module	debug	SQL Query: SELECT id, name, genre, rating, seen, media_type, recommended FROM movies ORDER BY name ASC LIMIT 0, 5
13:04:58	database_module	debug	SQL Query: SELECT id, name, genre, rating, seen, media_type, recommended FROM movies ORDER BY name ASC LIMIT 0, 5
13:04:59	database_module	debug	SQL Query: SELECT id, name, genre, rating, seen, media_type, recommended FROM movies ORDER BY name ASC LIMIT 0, 5
13:04:59	database_module	debug	SQL Query: SELECT id, name, genre, rating, seen, media_type, recommended FROM movies ORDER BY name ASC LIMIT 0, 5
13:05:00	database_module	debug	SQL Query: SELECT id, name, genre, rating, seen, media_type, recommended FROM movies ORDER BY name ASC LIMIT 0, 5
13:05:01	database_module	debug	SQL Query: SELECT id, name, genre, rating, seen, media_type, recommended FROM movies ORDER BY name ASC LIMIT 0, 5
13:05:02	database_module	debug	SQL Query: SELECT id, name, genre, rating, seen, media_type, recommended FROM movies ORDER BY name ASC LIMIT 0, 5
13:05:03	database_module	debug	SQL Query: SELECT id, name, genre, rating, seen, media_type, recommended FROM movies ORDER BY name ASC LIMIT 0, 5
13:05:03	database_module	debug	SQL Query: SELECT id, name, genre, rating, seen, media_type, recommended FROM movies ORDER BY name ASC LIMIT 0, 5
13:05:08	database_module	debug	SQL Query: SELECT id, name, genre, rating, seen, media_type, recommended FROM movies ORDER BY name ASC LIMIT 0, 5
13:05:10	database_module	debug	SQL Query: SELECT id, name, genre, rating, seen, media_type, recommended FROM movies ORDER BY name ASC LIMIT 0, 5
13:05:10	database_module	debug	SQL Query: SELECT id, name, genre, rating, seen, media_type, recommended FROM movies ORDER BY name ASC LIMIT 0, 5
13:05:11	database_module	debug	SQL Query: SELECT id, name, genre, rating, seen, media_type, recommended FROM movies ORDER BY name ASC LIMIT 0, 5
13:05:11	database_module	debug	SQL Query: SELECT id, name, genre, rating, seen, media_type, recommended FROM movies ORDER BY name ASC LIMIT 0, 5
13:05:13	database_module	debug	SQL Query: SELECT id, name, genre, rating, seen, media_type, recommended FROM movies ORDER BY name ASC LIMIT 0, 5
13:05:30	database_module	debug	SQL Query: SELECT id, name, genre, rating, seen, media_type, recommended FROM movies ORDER BY name ASC LIMIT 0, 5
13:05:34	database_module	debug	SQL Query: SELECT id, name, genre, rating, seen, media_type, recommended FROM movies ORDER BY name ASC LIMIT 0, 5
13:05:35	database_module	debug	SQL Query: SELECT id, name, genre, rating, seen, media_type, recommended FROM movies ORDER BY name ASC LIMIT 0, 5
13:05:42	database_module	debug	SQL Query: SELECT id, name, genre, rating, seen, media_type, recommended FROM movies ORDER BY name ASC LIMIT 0, 5
13:05:44	database_module	debug	SQL Query: SELECT id, name, genre, rating, seen, media_type, recommended FROM movies ORDER BY name ASC LIMIT 0, 5
13:05:45	database_module	debug	SQL Query: SELECT id, name, genre, rating, seen, media_type, recommended FROM movies ORDER BY name ASC LIMIT 0, 5
13:05:48	database_module	debug	SQL Query: SELECT id, name, genre, rating, seen, media_type, recommended FROM movies ORDER BY name ASC LIMIT 0, 5
13:05:50	database_module	debug	SQL Query: SELECT id, name, genre, rating, seen, media_type, recommended FROM movies ORDER BY name ASC LIMIT 0, 5
13:05:51	database_module	debug	SQL Query: SELECT id, name, genre, rating, seen, media_type, recommended FROM movies ORDER BY name ASC LIMIT 0, 5
13:05:52	database_module	debug	SQL Query: SELECT id, name, genre, rating, seen, media_type, recommended FROM movies ORDER BY name ASC LIMIT 0, 5
13:05:53	database_module	debug	SQL Query: SELECT id, name, genre, rating, seen, media_type, recommended FROM movies ORDER BY name ASC LIMIT 0, 5
13:05:54	database_module	debug	SQL Query: SELECT id, name, genre, rating, seen, media_type, recommended FROM movies ORDER BY name ASC LIMIT 0, 5
13:05:54	load	info	Creating CSS bundle bundle_my_bundle.css
13:05:55	database_module	debug	SQL Query: SELECT id, name, genre, rating, seen, media_type, recommended FROM movies ORDER BY name ASC LIMIT 0, 5
13:07:59	database_module	debug	SQL Query: SELECT id, name, genre, rating, seen, media_type, recommended FROM movies ORDER BY name ASC LIMIT 0, 5
13:07:59	load	info	Creating CSS bundle bundle_base_custom.css
13:08:31	database_module	debug	SQL Query: SELECT id, name, genre, rating, seen, media_type, recommended FROM movies ORDER BY name ASC LIMIT 0, 5
13:08:33	database_module	debug	SQL Query: SELECT id, name, genre, rating, seen, media_type, recommended FROM movies ORDER BY name ASC LIMIT 0, 5
13:08:34	database_module	debug	SQL Query: SELECT id, name, genre, rating, seen, media_type, recommended FROM movies ORDER BY name ASC LIMIT 0, 5
15:19:30	database_module	debug	SQL Query: SELECT id, name, genre, rating, seen, media_type, recommended FROM movies ORDER BY name ASC LIMIT 0, 5
15:19:30	session_module	info	a51rv0tbi7d3nr6544dqtcf6a3 logged out due to session timeout (7856/1800 seconds)
15:19:34	database_module	debug	SQL Query: SELECT id, name, genre, rating, seen, media_type, recommended FROM movies ORDER BY name ASC LIMIT 0, 5
15:19:51	database_module	debug	SQL Query: SELECT id, name, genre, rating, seen, media_type, recommended FROM movies ORDER BY name ASC LIMIT 0, 5
15:19:53	database_module	debug	SQL Query: SELECT id, name, genre, rating, seen, media_type, recommended FROM movies ORDER BY name ASC LIMIT 0, 5
15:19:54	database_module	debug	SQL Query: SELECT id, name, genre, rating, seen, media_type, recommended FROM movies ORDER BY name ASC LIMIT 0, 5
15:22:32	database_module	debug	SQL Query: SELECT id, name, genre, rating, seen, media_type, recommended FROM movies ORDER BY name ASC LIMIT 0, 5
15:22:38	database_module	debug	SQL Query: SELECT id, name, genre, rating, seen, media_type, recommended FROM movies ORDER BY name ASC LIMIT 0, 5
15:22:42	database_module	debug	SQL Query: SELECT id, name, genre, rating, seen, media_type, recommended FROM movies ORDER BY name ASC LIMIT 0, 5
15:22:44	database_module	debug	SQL Query: SELECT id, name, genre, rating, seen, media_type, recommended FROM movies ORDER BY name ASC LIMIT 0, 5
15:23:09	database_module	debug	SQL Query: SELECT id, name, genre, rating, seen, media_type, recommended FROM movies ORDER BY name ASC LIMIT 0, 5
15:23:11	database_module	debug	SQL Query: SELECT id, name, genre, rating, seen, media_type, recommended FROM movies ORDER BY name ASC LIMIT 0, 5
15:23:20	database_module	debug	SQL Query: SELECT id, name, genre, rating, seen, media_type, recommended FROM movies ORDER BY name ASC LIMIT 5, 5
15:23:22	database_module	debug	SQL Query: SELECT id, name, genre, rating, seen, media_type, recommended FROM movies ORDER BY name ASC LIMIT 0, 5
15:25:39	database_module	debug	SQL Query: SELECT id, name, genre, rating, seen, media_type, recommended FROM movies ORDER BY name ASC LIMIT 0, 5
15:25:42	database_module	debug	SQL Query: SELECT id, name, genre, rating, seen, media_type, recommended FROM movies ORDER BY name ASC LIMIT 0, 5
15:25:45	database_module	debug	SQL Query: SELECT id, username, real_name, password, token_reset_password, token_activation, activated FROM users WHERE username = "mail@tonyg.se" LIMIT 1
15:25:45	auth_module	info	mail@tonyg.se logged in from ::1
15:25:45	database_module	debug	SQL Query: SELECT id, username, real_name, password, token_reset_password, token_activation, activated FROM users WHERE username = "mail@tonyg.se" LIMIT 1
15:25:45	database_module	debug	SQL Query: SELECT id, name, genre, rating, seen, media_type, recommended FROM movies WHERE id = 98 LIMIT 1
15:25:46	database_module	debug	SQL Query: SELECT id, username, real_name, password, token_reset_password, token_activation, activated FROM users WHERE username = "mail@tonyg.se" LIMIT 1
15:25:46	database_module	debug	SQL Query: SELECT id, name, genre, rating, seen, media_type, recommended FROM movies ORDER BY name ASC LIMIT 0, 5
15:25:49	database_module	debug	SQL Query: SELECT id, username, real_name, password, token_reset_password, token_activation, activated FROM users WHERE username = "mail@tonyg.se" LIMIT 1
15:25:50	database_module	debug	SQL Query: SELECT id, username, real_name, password, token_reset_password, token_activation, activated FROM users WHERE username = "mail@tonyg.se" LIMIT 1
15:25:50	database_module	debug	SQL Query: SELECT id, name, genre, rating, seen, media_type, recommended FROM movies ORDER BY name ASC LIMIT 0, 5
15:25:53	database_module	debug	SQL Query: SELECT id, username, real_name, password, token_reset_password, token_activation, activated FROM users WHERE username = "mail@tonyg.se" LIMIT 1
15:25:54	database_module	debug	SQL Query: SELECT id, username, real_name, password, token_reset_password, token_activation, activated FROM users WHERE username = "mail@tonyg.se" LIMIT 1
15:26:03	database_module	debug	SQL Query: SELECT id, username, real_name, password, token_reset_password, token_activation, activated FROM users WHERE username = "mail@tonyg.se" LIMIT 1
15:26:17	database_module	debug	SQL Query: SELECT id, username, real_name, password, token_reset_password, token_activation, activated FROM users WHERE username = "mail@tonyg.se" LIMIT 1
15:26:17	database_module	debug	SQL Query: SELECT id, name, genre, rating, seen, media_type, recommended FROM movies ORDER BY name ASC LIMIT 0, 5
15:26:37	database_module	debug	SQL Query: SELECT id, username, real_name, password, token_reset_password, token_activation, activated FROM users WHERE username = "mail@tonyg.se" LIMIT 1
15:26:37	database_module	debug	SQL Query: SELECT id, name, genre, rating, seen, media_type, recommended FROM movies ORDER BY name ASC LIMIT 0, 5
15:27:01	database_module	debug	SQL Query: SELECT id, username, real_name, password, token_reset_password, token_activation, activated FROM users WHERE username = "mail@tonyg.se" LIMIT 1
15:27:01	load	info	Creating CSS bundle bundle_base.css
15:27:14	database_module	debug	SQL Query: SELECT id, username, real_name, password, token_reset_password, token_activation, activated FROM users WHERE username = "mail@tonyg.se" LIMIT 1
15:27:14	database_module	debug	SQL Query: SELECT id, name, genre, rating, seen, media_type, recommended FROM movies ORDER BY name ASC LIMIT 0, 5
15:27:24	database_module	debug	SQL Query: SELECT id, username, real_name, password, token_reset_password, token_activation, activated FROM users WHERE username = "mail@tonyg.se" LIMIT 1
15:27:24	database_module	debug	SQL Query: SELECT id, username, real_name, password, token_reset_password, token_activation, activated FROM users WHERE username = "mail@tonyg.se" LIMIT 1
15:27:30	database_module	debug	SQL Query: SELECT id, username, real_name, password, token_reset_password, token_activation, activated FROM users WHERE username = "mail@tonyg.se" LIMIT 1
15:27:32	database_module	debug	SQL Query: SELECT id, username, real_name, password, token_reset_password, token_activation, activated FROM users WHERE username = "mail@tonyg.se" LIMIT 1
15:28:17	database_module	debug	SQL Query: SELECT id, username, real_name, password, token_reset_password, token_activation, activated FROM users WHERE username = "mail@tonyg.se" LIMIT 1
15:28:22	database_module	debug	SQL Query: SELECT id, username, real_name, password, token_reset_password, token_activation, activated FROM users WHERE username = "mail@tonyg.se" LIMIT 1
15:28:35	database_module	debug	SQL Query: SELECT id, username, real_name, password, token_reset_password, token_activation, activated FROM users WHERE username = "mail@tonyg.se" LIMIT 1
15:29:28	database_module	debug	SQL Query: SELECT id, username, real_name, password, token_reset_password, token_activation, activated FROM users WHERE username = "mail@tonyg.se" LIMIT 1
15:29:29	database_module	debug	SQL Query: SELECT id, username, real_name, password, token_reset_password, token_activation, activated FROM users WHERE username = "mail@tonyg.se" LIMIT 1
15:29:29	database_module	debug	SQL Query: SELECT id, name, genre, rating, seen, media_type, recommended FROM movies ORDER BY name ASC LIMIT 0, 5
15:29:38	database_module	debug	SQL Query: SELECT id, username, real_name, password, token_reset_password, token_activation, activated FROM users WHERE username = "mail@tonyg.se" LIMIT 1
15:29:38	database_module	debug	SQL Query: SELECT id, name, genre, rating, seen, media_type, recommended FROM movies ORDER BY name ASC LIMIT 0, 5
15:29:38	load	info	Creating CSS bundle bundle_base_custom.css
15:30:45	database_module	debug	SQL Query: SELECT id, username, real_name, password, token_reset_password, token_activation, activated FROM users WHERE username = "mail@tonyg.se" LIMIT 1
15:30:45	database_module	debug	SQL Query: SELECT id, name, genre, rating, seen, media_type, recommended FROM movies ORDER BY name ASC LIMIT 0, 5
15:33:06	database_module	debug	SQL Query: SELECT id, username, real_name, password, token_reset_password, token_activation, activated FROM users WHERE username = "mail@tonyg.se" LIMIT 1
15:33:06	database_module	debug	SQL Query: SELECT id, name, genre, rating, seen, media_type, recommended FROM movies ORDER BY name ASC LIMIT 0, 5
15:33:13	database_module	debug	SQL Query: SELECT id, username, real_name, password, token_reset_password, token_activation, activated FROM users WHERE username = "mail@tonyg.se" LIMIT 1
15:33:13	database_module	debug	SQL Query: SELECT id, name, genre, rating, seen, media_type, recommended FROM movies ORDER BY name ASC LIMIT 0, 5
15:33:13	load	info	Creating CSS bundle bundle_base_custom.css
15:34:23	database_module	debug	SQL Query: SELECT id, username, real_name, password, token_reset_password, token_activation, activated FROM users WHERE username = "mail@tonyg.se" LIMIT 1
15:34:23	database_module	debug	SQL Query: SELECT id, name, genre, rating, seen, media_type, recommended FROM movies ORDER BY name ASC LIMIT 0, 5
15:34:23	load	info	Creating CSS bundle bundle_base_custom.css
15:38:56	database_module	debug	SQL Query: SELECT id, username, real_name, password, token_reset_password, token_activation, activated FROM users WHERE username = "mail@tonyg.se" LIMIT 1
15:38:56	database_module	debug	SQL Query: SELECT id, name, genre, rating, seen, media_type, recommended FROM movies ORDER BY name ASC LIMIT 0, 5
15:38:56	load	info	Creating CSS bundle bundle_base_custom.css
15:39:02	database_module	debug	SQL Query: SELECT id, username, real_name, password, token_reset_password, token_activation, activated FROM users WHERE username = "mail@tonyg.se" LIMIT 1
15:39:02	database_module	debug	SQL Query: SELECT id, name, genre, rating, seen, media_type, recommended FROM movies ORDER BY name ASC LIMIT 0, 5
15:44:31	database_module	debug	SQL Query: SELECT id, username, real_name, password, token_reset_password, token_activation, activated FROM users WHERE username = "mail@tonyg.se" LIMIT 1
15:44:31	database_module	debug	SQL Query: SELECT id, name, genre, rating, seen, media_type, recommended FROM movies ORDER BY name ASC LIMIT 0, 5
15:44:37	database_module	debug	SQL Query: SELECT id, username, real_name, password, token_reset_password, token_activation, activated FROM users WHERE username = "mail@tonyg.se" LIMIT 1
15:44:37	database_module	debug	SQL Query: SELECT id, name, genre, rating, seen, media_type, recommended FROM movies ORDER BY name ASC LIMIT 0, 5
15:44:39	database_module	debug	SQL Query: SELECT id, username, real_name, password, token_reset_password, token_activation, activated FROM users WHERE username = "mail@tonyg.se" LIMIT 1
15:44:39	database_module	debug	SQL Query: SELECT id, name, genre, rating, seen, media_type, recommended FROM movies ORDER BY name ASC LIMIT 0, 5
15:45:19	database_module	debug	SQL Query: SELECT id, username, real_name, password, token_reset_password, token_activation, activated FROM users WHERE username = "mail@tonyg.se" LIMIT 1
15:45:19	database_module	debug	SQL Query: SELECT id, name, genre, rating, seen, media_type, recommended FROM movies ORDER BY name ASC LIMIT 0, 5
15:45:29	database_module	debug	SQL Query: SELECT id, username, real_name, password, token_reset_password, token_activation, activated FROM users WHERE username = "mail@tonyg.se" LIMIT 1
15:45:29	database_module	debug	SQL Query: SELECT id, name, genre, rating, seen, media_type, recommended FROM movies ORDER BY name ASC LIMIT 0, 5
15:45:32	database_module	debug	SQL Query: SELECT id, username, real_name, password, token_reset_password, token_activation, activated FROM users WHERE username = "mail@tonyg.se" LIMIT 1
15:46:02	database_module	debug	SQL Query: SELECT id, username, real_name, password, token_reset_password, token_activation, activated FROM users WHERE username = "mail@tonyg.se" LIMIT 1
15:46:02	database_module	debug	SQL Query: SELECT id, name, genre, rating, seen, media_type, recommended FROM movies ORDER BY name ASC LIMIT 0, 5
15:46:04	database_module	debug	SQL Query: SELECT id, username, real_name, password, token_reset_password, token_activation, activated FROM users WHERE username = "mail@tonyg.se" LIMIT 1
15:46:44	database_module	debug	SQL Query: SELECT id, username, real_name, password, token_reset_password, token_activation, activated FROM users WHERE username = "mail@tonyg.se" LIMIT 1
15:46:44	database_module	debug	SQL Query: SELECT id, name, genre, rating, seen, media_type, recommended FROM movies ORDER BY name ASC LIMIT 0, 5
15:46:49	database_module	debug	SQL Query: SELECT id, username, real_name, password, token_reset_password, token_activation, activated FROM users WHERE username = "mail@tonyg.se" LIMIT 1
15:46:49	database_module	debug	SQL Query: SELECT id, name, genre, rating, seen, media_type, recommended FROM movies ORDER BY name ASC LIMIT 0, 5
15:47:52	database_module	debug	SQL Query: SELECT id, username, real_name, password, token_reset_password, token_activation, activated FROM users WHERE username = "mail@tonyg.se" LIMIT 1
15:47:52	database_module	debug	SQL Query: SELECT id, name, genre, rating, seen, media_type, recommended FROM movies ORDER BY name ASC LIMIT 0, 5
15:47:52	database_module	debug	SQL Query: SELECT id, username, real_name, password, token_reset_password, token_activation, activated FROM users WHERE username = "mail@tonyg.se" LIMIT 1
15:47:53	database_module	debug	SQL Query: SELECT id, username, real_name, password, token_reset_password, token_activation, activated FROM users WHERE username = "mail@tonyg.se" LIMIT 1
15:47:53	database_module	debug	SQL Query: SELECT id, name, genre, rating, seen, media_type, recommended FROM movies ORDER BY name ASC LIMIT 0, 5
15:47:57	database_module	debug	SQL Query: SELECT id, username, real_name, password, token_reset_password, token_activation, activated FROM users WHERE username = "mail@tonyg.se" LIMIT 1
15:48:08	database_module	debug	SQL Query: SELECT id, username, real_name, password, token_reset_password, token_activation, activated FROM users WHERE username = "mail@tonyg.se" LIMIT 1
15:48:08	database_module	debug	SQL Query: SELECT id, name, genre, rating, seen, media_type, recommended FROM movies ORDER BY name ASC LIMIT 0, 5
15:48:30	database_module	debug	SQL Query: SELECT id, username, real_name, password, token_reset_password, token_activation, activated FROM users WHERE username = "mail@tonyg.se" LIMIT 1
15:48:30	database_module	debug	SQL Query: SELECT id, name, genre, rating, seen, media_type, recommended FROM movies ORDER BY name ASC LIMIT 0, 5
15:48:30	load	info	Creating JavaScript bundle bundle_main_custom.js
15:48:52	database_module	debug	SQL Query: SELECT id, username, real_name, password, token_reset_password, token_activation, activated FROM users WHERE username = "mail@tonyg.se" LIMIT 1
15:48:52	database_module	debug	SQL Query: SELECT id, name, genre, rating, seen, media_type, recommended FROM movies WHERE id = 98 LIMIT 1
15:49:03	database_module	debug	SQL Query: SELECT id, username, real_name, password, token_reset_password, token_activation, activated FROM users WHERE username = "mail@tonyg.se" LIMIT 1
15:49:06	database_module	debug	SQL Query: SELECT id, username, real_name, password, token_reset_password, token_activation, activated FROM users WHERE username = "mail@tonyg.se" LIMIT 1
15:49:06	database_module	debug	SQL Query: SELECT id, name, genre, rating, seen, media_type, recommended FROM movies WHERE id = 98 LIMIT 1
15:49:07	database_module	debug	SQL Query: SELECT id, username, real_name, password, token_reset_password, token_activation, activated FROM users WHERE username = "mail@tonyg.se" LIMIT 1
15:49:07	database_module	debug	SQL Query: SELECT id, name, genre, rating, seen, media_type, recommended FROM movies WHERE id = 98 LIMIT 1
15:49:23	database_module	debug	SQL Query: SELECT id, username, real_name, password, token_reset_password, token_activation, activated FROM users WHERE username = "mail@tonyg.se" LIMIT 1
15:49:23	database_module	debug	SQL Query: SELECT id, name, genre, rating, seen, media_type, recommended FROM movies ORDER BY name ASC LIMIT 0, 5
15:49:28	database_module	debug	SQL Query: SELECT id, username, real_name, password, token_reset_password, token_activation, activated FROM users WHERE username = "mail@tonyg.se" LIMIT 1
15:49:29	database_module	debug	SQL Query: SELECT id, username, real_name, password, token_reset_password, token_activation, activated FROM users WHERE username = "mail@tonyg.se" LIMIT 1
15:49:29	database_module	debug	SQL Query: SELECT id, name, genre, rating, seen, media_type, recommended FROM movies ORDER BY name ASC LIMIT 0, 5
15:49:31	database_module	debug	SQL Query: SELECT id, username, real_name, password, token_reset_password, token_activation, activated FROM users WHERE username = "mail@tonyg.se" LIMIT 1
15:49:39	database_module	debug	SQL Query: SELECT id, username, real_name, password, token_reset_password, token_activation, activated FROM users WHERE username = "mail@tonyg.se" LIMIT 1
15:49:39	database_module	debug	SQL Query: SELECT id, name, genre, rating, seen, media_type, recommended FROM movies ORDER BY name ASC LIMIT 0, 5
15:49:39	load	info	Creating JavaScript bundle bundle_main_custom.js
15:49:42	database_module	debug	SQL Query: SELECT id, username, real_name, password, token_reset_password, token_activation, activated FROM users WHERE username = "mail@tonyg.se" LIMIT 1
15:49:44	database_module	debug	SQL Query: SELECT id, username, real_name, password, token_reset_password, token_activation, activated FROM users WHERE username = "mail@tonyg.se" LIMIT 1
15:49:44	database_module	debug	SQL Query: SELECT id, name, genre, rating, seen, media_type, recommended FROM movies ORDER BY name ASC LIMIT 0, 5
15:50:28	database_module	debug	SQL Query: SELECT id, username, real_name, password, token_reset_password, token_activation, activated FROM users WHERE username = "mail@tonyg.se" LIMIT 1
15:50:28	database_module	debug	SQL Query: SELECT id, name, genre, rating, seen, media_type, recommended FROM movies ORDER BY name ASC LIMIT 0, 5
15:50:38	database_module	debug	SQL Query: SELECT id, username, real_name, password, token_reset_password, token_activation, activated FROM users WHERE username = "mail@tonyg.se" LIMIT 1
15:50:38	database_module	debug	SQL Query: SELECT id, name, genre, rating, seen, media_type, recommended FROM movies ORDER BY name ASC LIMIT 0, 5
15:51:39	database_module	debug	SQL Query: SELECT id, username, real_name, password, token_reset_password, token_activation, activated FROM users WHERE username = "mail@tonyg.se" LIMIT 1
15:51:39	database_module	debug	SQL Query: SELECT id, name, genre, rating, seen, media_type, recommended FROM movies ORDER BY name ASC LIMIT 0, 5
15:51:39	load	info	Creating JavaScript bundle bundle_main_custom.js
15:51:41	database_module	debug	SQL Query: SELECT id, username, real_name, password, token_reset_password, token_activation, activated FROM users WHERE username = "mail@tonyg.se" LIMIT 1
15:51:41	database_module	debug	SQL Query: SELECT id, name, genre, rating, seen, media_type, recommended FROM movies ORDER BY name ASC LIMIT 0, 5
15:51:54	database_module	debug	SQL Query: SELECT id, username, real_name, password, token_reset_password, token_activation, activated FROM users WHERE username = "mail@tonyg.se" LIMIT 1
15:51:54	database_module	debug	SQL Query: SELECT id, name, genre, rating, seen, media_type, recommended FROM movies ORDER BY name ASC LIMIT 0, 5
15:51:55	database_module	debug	SQL Query: SELECT id, username, real_name, password, token_reset_password, token_activation, activated FROM users WHERE username = "mail@tonyg.se" LIMIT 1
15:51:55	database_module	debug	SQL Query: SELECT id, name, genre, rating, seen, media_type, recommended FROM movies ORDER BY name ASC LIMIT 0, 5
15:52:17	database_module	debug	SQL Query: SELECT id, username, real_name, password, token_reset_password, token_activation, activated FROM users WHERE username = "mail@tonyg.se" LIMIT 1
15:52:17	database_module	debug	SQL Query: SELECT id, name, genre, rating, seen, media_type, recommended FROM movies ORDER BY name ASC LIMIT 0, 5
15:52:20	database_module	debug	SQL Query: SELECT id, username, real_name, password, token_reset_password, token_activation, activated FROM users WHERE username = "mail@tonyg.se" LIMIT 1
15:52:20	database_module	debug	SQL Query: SELECT id, name, genre, rating, seen, media_type, recommended FROM movies ORDER BY name ASC LIMIT 0, 5
15:52:28	database_module	debug	SQL Query: SELECT id, username, real_name, password, token_reset_password, token_activation, activated FROM users WHERE username = "mail@tonyg.se" LIMIT 1
15:52:28	database_module	debug	SQL Query: SELECT id, name, genre, rating, seen, media_type, recommended FROM movies ORDER BY name ASC LIMIT 0, 5
15:52:35	database_module	debug	SQL Query: SELECT id, username, real_name, password, token_reset_password, token_activation, activated FROM users WHERE username = "mail@tonyg.se" LIMIT 1
15:52:35	database_module	debug	SQL Query: SELECT id, name, genre, rating, seen, media_type, recommended FROM movies ORDER BY name ASC LIMIT 0, 5
15:52:42	database_module	debug	SQL Query: SELECT id, username, real_name, password, token_reset_password, token_activation, activated FROM users WHERE username = "mail@tonyg.se" LIMIT 1
15:52:42	database_module	debug	SQL Query: SELECT id, name, genre, rating, seen, media_type, recommended FROM movies ORDER BY name ASC LIMIT 0, 5
15:52:42	load	info	Creating JavaScript bundle bundle_main_custom.js
15:52:45	database_module	debug	SQL Query: SELECT id, username, real_name, password, token_reset_password, token_activation, activated FROM users WHERE username = "mail@tonyg.se" LIMIT 1
15:52:45	database_module	debug	SQL Query: SELECT id, name, genre, rating, seen, media_type, recommended FROM movies ORDER BY name ASC LIMIT 0, 5
15:53:49	database_module	debug	SQL Query: SELECT id, username, real_name, password, token_reset_password, token_activation, activated FROM users WHERE username = "mail@tonyg.se" LIMIT 1
15:53:49	database_module	debug	SQL Query: SELECT id, name, genre, rating, seen, media_type, recommended FROM movies ORDER BY name ASC LIMIT 0, 5
15:53:52	database_module	debug	SQL Query: SELECT id, username, real_name, password, token_reset_password, token_activation, activated FROM users WHERE username = "mail@tonyg.se" LIMIT 1
15:53:52	database_module	debug	SQL Query: SELECT id, name, genre, rating, seen, media_type, recommended FROM movies WHERE id = 98 LIMIT 1
15:53:55	database_module	debug	SQL Query: SELECT id, username, real_name, password, token_reset_password, token_activation, activated FROM users WHERE username = "mail@tonyg.se" LIMIT 1
15:53:55	form_module	info	Uploaded C:/xampp/htdocs/opusframe/assets/images/uploads/movies/98/98_2.jpg
15:53:56	database_module	debug	SQL Query: SELECT id, username, real_name, password, token_reset_password, token_activation, activated FROM users WHERE username = "mail@tonyg.se" LIMIT 1
15:53:56	database_module	debug	SQL Query: SELECT id, name, genre, rating, seen, media_type, recommended FROM movies ORDER BY name ASC LIMIT 0, 5
15:53:57	database_module	debug	SQL Query: SELECT id, username, real_name, password, token_reset_password, token_activation, activated FROM users WHERE username = "mail@tonyg.se" LIMIT 1
15:53:57	database_module	debug	SQL Query: SELECT id, name, genre, rating, seen, media_type, recommended FROM movies WHERE id = 98 LIMIT 1
15:53:59	database_module	debug	SQL Query: SELECT id, username, real_name, password, token_reset_password, token_activation, activated FROM users WHERE username = "mail@tonyg.se" LIMIT 1
15:54:00	database_module	debug	SQL Query: SELECT id, username, real_name, password, token_reset_password, token_activation, activated FROM users WHERE username = "mail@tonyg.se" LIMIT 1
15:54:00	database_module	debug	SQL Query: SELECT id, name, genre, rating, seen, media_type, recommended FROM movies ORDER BY name ASC LIMIT 0, 5
15:54:01	database_module	debug	SQL Query: SELECT id, username, real_name, password, token_reset_password, token_activation, activated FROM users WHERE username = "mail@tonyg.se" LIMIT 1
15:54:01	database_module	debug	SQL Query: SELECT id, name, genre, rating, seen, media_type, recommended FROM movies ORDER BY name ASC LIMIT 0, 5
15:54:34	database_module	debug	SQL Query: SELECT id, username, real_name, password, token_reset_password, token_activation, activated FROM users WHERE username = "mail@tonyg.se" LIMIT 1
15:54:34	database_module	debug	SQL Query: SELECT id, name, genre, rating, seen, media_type, recommended FROM movies ORDER BY name ASC LIMIT 0, 5
15:54:36	database_module	debug	SQL Query: SELECT id, username, real_name, password, token_reset_password, token_activation, activated FROM users WHERE username = "mail@tonyg.se" LIMIT 1
15:54:36	database_module	debug	SQL Query: SELECT id, name, genre, rating, seen, media_type, recommended FROM movies ORDER BY name ASC LIMIT 0, 5
15:54:43	database_module	debug	SQL Query: SELECT id, name, genre, rating, seen, media_type, recommended FROM movies ORDER BY name ASC LIMIT 0, 5
15:59:39	database_module	debug	SQL Query: SELECT id, name, genre, rating, seen, media_type, recommended FROM movies ORDER BY name ASC LIMIT 0, 5
