11:09:36	log_module	info	Removing old log files, if any...
11:09:36	session_module	info	vjc4s7ho07s7q5h7kemdvhi8d4 logged out due to session timeout (68898/1800 seconds)
11:09:36	database_module	debug	SQL Query: SELECT id, name, genre, rating, seen, media_type, recommended FROM movies ORDER BY name ASC LIMIT 0, 5
11:20:12	database_module	debug	SQL Query: SELECT id, name, genre, rating, seen, media_type, recommended FROM movies ORDER BY name ASC LIMIT 0, 5
11:32:55	database_module	debug	SQL Query: SELECT id, name, genre, rating, seen, media_type, recommended FROM movies ORDER BY name ASC LIMIT 0, 5
11:53:07	database_module	debug	SQL Query: SELECT id, name, genre, rating, seen, media_type, recommended FROM movies ORDER BY name ASC LIMIT 0, 5
11:53:08	database_module	debug	SQL Query: SELECT id, name, genre, rating, seen, media_type, recommended FROM movies ORDER BY name ASC LIMIT 0, 5
11:53:11	database_module	debug	SQL Query: SELECT id, name, genre, rating, seen, media_type, recommended FROM movies ORDER BY name ASC LIMIT 0, 5
11:53:15	database_module	debug	SQL Query: SELECT id, name, genre, rating, seen, media_type, recommended FROM movies WHERE name LIKE "%the%" ORDER BY name ASC LIMIT 0, 5
11:53:19	database_module	debug	SQL Query: SELECT id, name, genre, rating, seen, media_type, recommended FROM movies ORDER BY name ASC LIMIT 0, 5
11:53:23	database_module	debug	SQL Query: SELECT id, name, genre, rating, seen, media_type, recommended FROM movies ORDER BY name ASC LIMIT 5, 5
11:53:24	database_module	debug	SQL Query: SELECT id, name, genre, rating, seen, media_type, recommended FROM movies ORDER BY name ASC LIMIT 0, 5
14:39:03	session_module	info	vjc4s7ho07s7q5h7kemdvhi8d4 logged out due to session timeout (8357/1800 seconds)
14:39:04	database_module	debug	SQL Query: SELECT id, name, genre, rating, seen, media_type, recommended FROM movies ORDER BY name ASC LIMIT 0, 5
14:39:08	database_module	debug	SQL Query: SELECT id, name, genre, rating, seen, media_type, recommended FROM movies ORDER BY name ASC LIMIT 0, 5
14:39:17	database_module	debug	SQL Query: SELECT id, name, genre, rating, seen, media_type, recommended FROM movies ORDER BY name ASC LIMIT 0, 5
14:39:19	database_module	debug	SQL Query: SELECT id, name, genre, rating, seen, media_type, recommended FROM movies ORDER BY name ASC LIMIT 0, 5
14:39:21	database_module	debug	SQL Query: SELECT id, name, genre, rating, seen, media_type, recommended FROM movies ORDER BY name ASC LIMIT 0, 5
14:40:15	database_module	debug	SQL Query: SELECT id, name, genre, rating, seen, media_type, recommended FROM movies ORDER BY name ASC LIMIT 0, 5
14:40:16	database_module	debug	SQL Query: SELECT id, name, genre, rating, seen, media_type, recommended FROM movies ORDER BY name ASC LIMIT 0, 5
14:40:25	database_module	debug	SQL Query: SELECT id, name, genre, rating, seen, media_type, recommended FROM movies ORDER BY name ASC LIMIT 0, 5
14:40:28	database_module	debug	SQL Query: SELECT id, name, genre, rating, seen, media_type, recommended FROM movies ORDER BY name ASC LIMIT 5, 5
14:40:40	database_module	debug	SQL Query: SELECT id, name, genre, rating, seen, media_type, recommended FROM movies ORDER BY name ASC LIMIT 5, 5
14:42:11	database_module	debug	SQL Query: SELECT id, name, genre, rating, seen, media_type, recommended FROM movies ORDER BY name ASC LIMIT 5, 5
14:42:13	database_module	debug	SQL Query: SELECT id, name, genre, rating, seen, media_type, recommended FROM movies ORDER BY name ASC LIMIT 0, 5
14:43:57	database_module	debug	SQL Query: SELECT id, username, real_name, password, token_reset_password, token_activation, activated FROM users WHERE username = "mail@tonyg.se" LIMIT 1
14:43:58	auth_module	info	mail@tonyg.se logged in from ::1
14:43:58	database_module	debug	SQL Query: SELECT id, username, real_name, password, token_reset_password, token_activation, activated FROM users WHERE username = "mail@tonyg.se" LIMIT 1
14:43:58	database_module	debug	SQL Query: SELECT id, name, genre, rating, seen, media_type, recommended FROM movies WHERE id = 98 LIMIT 1
14:44:01	database_module	debug	SQL Query: SELECT id, username, real_name, password, token_reset_password, token_activation, activated FROM users WHERE username = "mail@tonyg.se" LIMIT 1
14:44:01	database_module	debug	SQL Query: SELECT id, name, genre, rating, seen, media_type, recommended FROM movies ORDER BY name ASC LIMIT 0, 5
14:44:02	database_module	debug	SQL Query: SELECT id, username, real_name, password, token_reset_password, token_activation, activated FROM users WHERE username = "mail@tonyg.se" LIMIT 1
14:44:02	database_module	debug	SQL Query: SELECT id, name, genre, rating, seen, media_type, recommended FROM movies ORDER BY name ASC LIMIT 0, 5
14:44:04	database_module	debug	SQL Query: SELECT id, username, real_name, password, token_reset_password, token_activation, activated FROM users WHERE username = "mail@tonyg.se" LIMIT 1
14:44:04	database_module	debug	SQL Query: SELECT id, name, genre, rating, seen, media_type, recommended FROM movies WHERE id = 98 LIMIT 1
14:44:06	database_module	debug	SQL Query: SELECT id, username, real_name, password, token_reset_password, token_activation, activated FROM users WHERE username = "mail@tonyg.se" LIMIT 1
14:44:06	database_module	debug	SQL Query: SELECT id, name, genre, rating, seen, media_type, recommended FROM movies ORDER BY name ASC LIMIT 0, 5
14:44:07	database_module	debug	SQL Query: SELECT id, name, genre, rating, seen, media_type, recommended FROM movies ORDER BY name ASC LIMIT 0, 5
14:44:15	database_module	debug	SQL Query: SELECT id, name, genre, rating, seen, media_type, recommended FROM movies ORDER BY name ASC LIMIT 0, 5
14:46:35	database_module	debug	SQL Query: SELECT id, name, genre, rating, seen, media_type, recommended FROM movies ORDER BY name ASC LIMIT 0, 5
14:46:39	database_module	debug	SQL Query: SELECT id, name, genre, rating, seen, media_type, recommended FROM movies ORDER BY name ASC LIMIT 5, 5
14:46:48	database_module	debug	SQL Query: SELECT id, name, genre, rating, seen, media_type, recommended FROM movies ORDER BY name ASC LIMIT 5, 5
14:46:50	database_module	debug	SQL Query: SELECT id, name, genre, rating, seen, media_type, recommended FROM movies ORDER BY name ASC LIMIT 5, 5
14:46:58	database_module	debug	SQL Query: SELECT id, username, real_name, password, token_reset_password, token_activation, activated FROM users WHERE username = "mail@tonyg.se" LIMIT 1
14:46:58	auth_module	info	mail@tonyg.se logged in from ::1
14:46:58	database_module	debug	SQL Query: SELECT id, username, real_name, password, token_reset_password, token_activation, activated FROM users WHERE username = "mail@tonyg.se" LIMIT 1
14:46:58	database_module	debug	SQL Query: SELECT id, name, genre, rating, seen, media_type, recommended FROM movies WHERE id = 101 LIMIT 1
14:47:00	database_module	debug	SQL Query: SELECT id, username, real_name, password, token_reset_password, token_activation, activated FROM users WHERE username = "mail@tonyg.se" LIMIT 1
14:47:00	database_module	debug	SQL Query: SELECT id, name, genre, rating, seen, media_type, recommended FROM movies ORDER BY name ASC LIMIT 0, 5
14:47:01	database_module	debug	SQL Query: SELECT id, username, real_name, password, token_reset_password, token_activation, activated FROM users WHERE username = "mail@tonyg.se" LIMIT 1
14:47:01	database_module	debug	SQL Query: SELECT id, name, genre, rating, seen, media_type, recommended FROM movies WHERE id = 98 LIMIT 1
14:47:03	database_module	debug	SQL Query: SELECT id, username, real_name, password, token_reset_password, token_activation, activated FROM users WHERE username = "mail@tonyg.se" LIMIT 1
14:47:03	database_module	debug	SQL Query: SELECT id, name, genre, rating, seen, media_type, recommended FROM movies ORDER BY name ASC LIMIT 0, 5
14:47:05	database_module	debug	SQL Query: SELECT id, username, real_name, password, token_reset_password, token_activation, activated FROM users WHERE username = "mail@tonyg.se" LIMIT 1
14:47:08	database_module	debug	SQL Query: SELECT id, username, real_name, password, token_reset_password, token_activation, activated FROM users WHERE username = "mail@tonyg.se" LIMIT 1
14:47:08	database_module	debug	SQL Query: SELECT id, name, genre, rating, seen, media_type, recommended FROM movies ORDER BY name ASC LIMIT 0, 5
14:47:11	database_module	debug	SQL Query: SELECT id, name, genre, rating, seen, media_type, recommended FROM movies WHERE name LIKE "%the%" ORDER BY name ASC LIMIT 0, 5
14:47:19	database_module	debug	SQL Query: SELECT id, name, genre, rating, seen, media_type, recommended FROM movies ORDER BY name ASC LIMIT 0, 5
15:00:12	database_module	debug	SQL Query: SELECT id, name, genre, rating, seen, media_type, recommended FROM movies ORDER BY name ASC LIMIT 0, 5
15:00:16	database_module	debug	SQL Query: SELECT id, name, genre, rating, seen, media_type, recommended FROM movies ORDER BY name ASC LIMIT 0, 5
15:01:56	database_module	debug	SQL Query: SELECT id, name, genre, rating, seen, media_type, recommended FROM movies ORDER BY name ASC LIMIT 0, 5
15:01:57	database_module	debug	SQL Query: SELECT id, name, genre, rating, seen, media_type, recommended FROM movies ORDER BY name ASC LIMIT 0, 5
15:01:59	database_module	debug	SQL Query: SELECT id, name, genre, rating, seen, media_type, recommended FROM movies ORDER BY name ASC LIMIT 0, 5
15:02:01	database_module	debug	SQL Query: SELECT id, name, genre, rating, seen, media_type, recommended FROM movies ORDER BY name ASC LIMIT 0, 5
15:02:13	database_module	debug	SQL Query: SELECT id, username, real_name, password, token_reset_password, token_activation, activated FROM users WHERE username = "mail@tonyg.se" LIMIT 1
15:02:13	auth_module	info	mail@tonyg.se logged in from ::1
15:02:13	database_module	debug	SQL Query: SELECT id, username, real_name, password, token_reset_password, token_activation, activated FROM users WHERE username = "mail@tonyg.se" LIMIT 1
15:02:13	database_module	debug	SQL Query: SELECT id, name, genre, rating, seen, media_type, recommended FROM movies WHERE id = 98 LIMIT 1
15:02:14	database_module	debug	SQL Query: SELECT id, username, real_name, password, token_reset_password, token_activation, activated FROM users WHERE username = "mail@tonyg.se" LIMIT 1
15:02:14	database_module	debug	SQL Query: SELECT id, name, genre, rating, seen, media_type, recommended FROM movies ORDER BY name ASC LIMIT 0, 5
15:02:15	database_module	debug	SQL Query: SELECT id, username, real_name, password, token_reset_password, token_activation, activated FROM users WHERE username = "mail@tonyg.se" LIMIT 1
15:02:15	database_module	debug	SQL Query: SELECT id, name, genre, rating, seen, media_type, recommended FROM movies WHERE id = 94 LIMIT 1
15:02:18	database_module	debug	SQL Query: SELECT id, username, real_name, password, token_reset_password, token_activation, activated FROM users WHERE username = "mail@tonyg.se" LIMIT 1
15:02:18	database_module	debug	SQL Query: SELECT id, name, genre, rating, seen, media_type, recommended FROM movies ORDER BY name ASC LIMIT 0, 5
15:02:46	database_module	debug	SQL Query: SELECT id, name, genre, rating, seen, media_type, recommended FROM movies ORDER BY name ASC LIMIT 0, 5
15:02:55	database_module	debug	SQL Query: SELECT id, name, genre, rating, seen, media_type, recommended FROM movies ORDER BY name ASC LIMIT 0, 5
15:04:44	database_module	debug	SQL Query: SELECT id, name, genre, rating, seen, media_type, recommended FROM movies ORDER BY name ASC LIMIT 0, 5
15:04:46	database_module	debug	SQL Query: SELECT id, name, genre, rating, seen, media_type, recommended FROM movies ORDER BY name ASC LIMIT 0, 5
15:04:48	database_module	debug	SQL Query: SELECT id, name, genre, rating, seen, media_type, recommended FROM movies ORDER BY name ASC LIMIT 0, 5
15:04:56	database_module	debug	SQL Query: SELECT id, name, genre, rating, seen, media_type, recommended FROM movies ORDER BY name ASC LIMIT 0, 5
15:04:57	database_module	debug	SQL Query: SELECT id, name, genre, rating, seen, media_type, recommended FROM movies ORDER BY name ASC LIMIT 0, 5
15:05:17	database_module	debug	SQL Query: SELECT id, name, genre, rating, seen, media_type, recommended FROM movies ORDER BY name ASC LIMIT 0, 5
15:05:20	database_module	debug	SQL Query: SELECT id, name, genre, rating, seen, media_type, recommended FROM movies ORDER BY name ASC LIMIT 5, 5
15:08:53	database_module	debug	SQL Query: SELECT id, name, genre, rating, seen, media_type, recommended FROM movies ORDER BY name ASC LIMIT 0, 5
15:09:32	database_module	debug	SQL Query: SELECT id, name, genre, rating, seen, media_type, recommended FROM movies WHERE id = 98 LIMIT 1
15:12:07	database_module	debug	SQL Query: SELECT id, name, genre, rating, seen, media_type, recommended FROM movies WHERE id = 98 LIMIT 1
15:17:46	database_module	debug	SQL Query: SELECT id, name, genre, rating, seen, media_type, recommended FROM movies ORDER BY name ASC LIMIT 0, 5
15:17:47	database_module	debug	SQL Query: SELECT id, name, genre, rating, seen, media_type, recommended FROM movies ORDER BY name ASC LIMIT 0, 5
15:17:50	database_module	debug	SQL Query: SELECT id, name, genre, rating, seen, media_type, recommended FROM movies ORDER BY name ASC LIMIT 0, 5
15:17:52	database_module	debug	SQL Query: SELECT id, name, genre, rating, seen, media_type, recommended FROM movies ORDER BY name ASC LIMIT 0, 5
15:17:54	database_module	debug	SQL Query: SELECT id, username, real_name, password, token_reset_password, token_activation, activated FROM users WHERE username = "mail@tonyg.se" LIMIT 1
15:17:54	auth_module	info	mail@tonyg.se logged in from ::1
15:17:55	database_module	debug	SQL Query: SELECT id, username, real_name, password, token_reset_password, token_activation, activated FROM users WHERE username = "mail@tonyg.se" LIMIT 1
15:17:55	database_module	debug	SQL Query: SELECT id, name, genre, rating, seen, media_type, recommended FROM movies WHERE id = 98 LIMIT 1
15:17:56	database_module	debug	SQL Query: SELECT id, username, real_name, password, token_reset_password, token_activation, activated FROM users WHERE username = "mail@tonyg.se" LIMIT 1
15:17:56	database_module	debug	SQL Query: SELECT id, name, genre, rating, seen, media_type, recommended FROM movies ORDER BY name ASC LIMIT 0, 5
15:17:57	database_module	debug	SQL Query: SELECT id, username, real_name, password, token_reset_password, token_activation, activated FROM users WHERE username = "mail@tonyg.se" LIMIT 1
15:17:57	database_module	debug	SQL Query: SELECT id, name, genre, rating, seen, media_type, recommended FROM movies WHERE id = 98 LIMIT 1
15:17:58	database_module	debug	SQL Query: SELECT id, username, real_name, password, token_reset_password, token_activation, activated FROM users WHERE username = "mail@tonyg.se" LIMIT 1
15:17:58	database_module	debug	SQL Query: SELECT id, name, genre, rating, seen, media_type, recommended FROM movies WHERE id = 98 LIMIT 1
15:17:59	database_module	debug	SQL Query: SELECT id, username, real_name, password, token_reset_password, token_activation, activated FROM users WHERE username = "mail@tonyg.se" LIMIT 1
15:17:59	database_module	debug	SQL Query: SELECT id, name, genre, rating, seen, media_type, recommended FROM movies ORDER BY name ASC LIMIT 0, 5
15:18:02	database_module	debug	SQL Query: SELECT id, username, real_name, password, token_reset_password, token_activation, activated FROM users WHERE username = "mail@tonyg.se" LIMIT 1
15:18:03	database_module	debug	SQL Query: SELECT id, username, real_name, password, token_reset_password, token_activation, activated FROM users WHERE username = "mail@tonyg.se" LIMIT 1
15:18:03	database_module	debug	SQL Query: SELECT id, name, genre, rating, seen, media_type, recommended FROM movies ORDER BY name ASC LIMIT 0, 5
15:18:05	database_module	debug	SQL Query: SELECT id, username, real_name, password, token_reset_password, token_activation, activated FROM users WHERE username = "mail@tonyg.se" LIMIT 1
15:18:05	database_module	debug	SQL Query: SELECT id, name, genre, rating, seen, media_type, recommended FROM movies ORDER BY name ASC LIMIT 5, 5
15:18:07	database_module	debug	SQL Query: SELECT id, username, real_name, password, token_reset_password, token_activation, activated FROM users WHERE username = "mail@tonyg.se" LIMIT 1
15:18:07	database_module	debug	SQL Query: SELECT id, name, genre, rating, seen, media_type, recommended FROM movies ORDER BY name ASC LIMIT 0, 5
15:18:08	database_module	debug	SQL Query: SELECT id, name, genre, rating, seen, media_type, recommended FROM movies ORDER BY name ASC LIMIT 5, 5
15:18:10	database_module	debug	SQL Query: SELECT id, name, genre, rating, seen, media_type, recommended FROM movies ORDER BY name ASC LIMIT 0, 5
15:19:03	database_module	debug	SQL Query: SELECT id, name, genre, rating, seen, media_type, recommended FROM movies ORDER BY name ASC LIMIT 0, 5
15:19:07	database_module	debug	SQL Query: SELECT id, name, genre, rating, seen, media_type, recommended FROM movies ORDER BY name ASC LIMIT 0, 5
15:31:23	database_module	debug	SQL Query: SELECT id, name, genre, rating, seen, media_type, recommended FROM movies ORDER BY name ASC LIMIT 0, 5
15:31:42	database_module	debug	SQL Query: SELECT id, name, genre, rating, seen, media_type, recommended FROM movies WHERE id = 98 LIMIT 1
15:32:39	database_module	debug	SQL Query: SELECT id, name, genre, rating, seen, media_type, recommended FROM movies ORDER BY name ASC LIMIT 0, 5
15:33:40	database_module	debug	SQL Query: SELECT id, name, genre, rating, seen, media_type, recommended FROM movies ORDER BY name ASC LIMIT 0, 5
15:35:38	database_module	debug	SQL Query: SELECT id, name, genre, rating, seen, media_type, recommended FROM movies ORDER BY name ASC LIMIT 0, 5
15:35:41	database_module	debug	SQL Query: SELECT id, name, genre, rating, seen, media_type, recommended FROM movies ORDER BY name ASC LIMIT 0, 5
15:37:05	database_module	debug	SQL Query: SELECT id, username, real_name, password, token_reset_password, token_activation, activated FROM users WHERE username = "mail@tonyg.se" LIMIT 1
15:37:05	auth_module	info	mail@tonyg.se logged in from ::1
15:37:05	database_module	debug	SQL Query: SELECT id, username, real_name, password, token_reset_password, token_activation, activated FROM users WHERE username = "mail@tonyg.se" LIMIT 1
15:37:06	database_module	debug	SQL Query: SELECT id, username, real_name, password, token_reset_password, token_activation, activated FROM users WHERE username = "mail@tonyg.se" LIMIT 1
15:37:06	database_module	debug	SQL Query: SELECT id, name, genre, rating, seen, media_type, recommended FROM movies ORDER BY name ASC LIMIT 0, 5
15:37:08	database_module	debug	SQL Query: SELECT id, username, real_name, password, token_reset_password, token_activation, activated FROM users WHERE username = "mail@tonyg.se" LIMIT 1
15:37:08	database_module	debug	SQL Query: SELECT id, name, genre, rating, seen, media_type, recommended FROM movies WHERE id = 98 LIMIT 1
15:37:10	database_module	debug	SQL Query: SELECT id, username, real_name, password, token_reset_password, token_activation, activated FROM users WHERE username = "mail@tonyg.se" LIMIT 1
15:37:10	database_module	debug	SQL Query: SELECT id, name, genre, rating, seen, media_type, recommended FROM movies ORDER BY name ASC LIMIT 0, 5
15:37:24	database_module	debug	SQL Query: SELECT id, name, genre, rating, seen, media_type, recommended FROM movies ORDER BY name ASC LIMIT 0, 5
15:37:33	database_module	debug	SQL Query: SELECT id, username, real_name, password, token_reset_password, token_activation, activated FROM users WHERE username = "mail@tonyg.se" LIMIT 1
15:37:33	auth_module	info	mail@tonyg.se logged in from ::1
15:37:33	database_module	debug	SQL Query: SELECT id, username, real_name, password, token_reset_password, token_activation, activated FROM users WHERE username = "mail@tonyg.se" LIMIT 1
15:37:33	database_module	debug	SQL Query: SELECT id, name, genre, rating, seen, media_type, recommended FROM movies WHERE id = 98 LIMIT 1
15:37:35	database_module	debug	SQL Query: SELECT id, username, real_name, password, token_reset_password, token_activation, activated FROM users WHERE username = "mail@tonyg.se" LIMIT 1
15:37:35	database_module	debug	SQL Query: SELECT id, name, genre, rating, seen, media_type, recommended FROM movies ORDER BY name ASC LIMIT 0, 5
15:37:36	database_module	debug	SQL Query: SELECT id, username, real_name, password, token_reset_password, token_activation, activated FROM users WHERE username = "mail@tonyg.se" LIMIT 1
15:37:36	database_module	debug	SQL Query: SELECT id, name, genre, rating, seen, media_type, recommended FROM movies ORDER BY name ASC LIMIT 0, 5
15:37:55	database_module	debug	SQL Query: SELECT id, name, genre, rating, seen, media_type, recommended FROM movies ORDER BY name ASC LIMIT 0, 5
15:37:57	database_module	debug	SQL Query: SELECT id, name, genre, rating, seen, media_type, recommended FROM movies ORDER BY name ASC LIMIT 5, 5
15:37:58	database_module	debug	SQL Query: SELECT id, name, genre, rating, seen, media_type, recommended FROM movies ORDER BY name ASC LIMIT 0, 5
15:38:33	database_module	debug	SQL Query: SELECT id, name, genre, rating, seen, media_type, recommended FROM movies ORDER BY name ASC LIMIT 0, 5
15:38:39	database_module	debug	SQL Query: SELECT id, username, real_name, password, token_reset_password, token_activation, activated FROM users WHERE username = "mail@tonyg.se" LIMIT 1
15:38:39	auth_module	info	mail@tonyg.se logged in from ::1
15:38:39	database_module	debug	SQL Query: SELECT id, username, real_name, password, token_reset_password, token_activation, activated FROM users WHERE username = "mail@tonyg.se" LIMIT 1
15:38:39	database_module	debug	SQL Query: SELECT id, name, genre, rating, seen, media_type, recommended FROM movies WHERE id = 98 LIMIT 1
15:38:43	database_module	debug	SQL Query: SELECT id, username, real_name, password, token_reset_password, token_activation, activated FROM users WHERE username = "mail@tonyg.se" LIMIT 1
15:38:55	database_module	debug	SQL Query: SELECT id, username, real_name, password, token_reset_password, token_activation, activated FROM users WHERE username = "mail@tonyg.se" LIMIT 1
15:39:03	database_module	debug	SQL Query: SELECT id, username, real_name, password, token_reset_password, token_activation, activated FROM users WHERE username = "mail@tonyg.se" LIMIT 1
15:39:03	database_module	debug	SQL Query: SELECT id, name, genre, rating, seen, media_type, recommended FROM movies ORDER BY name ASC LIMIT 0, 5
15:39:05	database_module	debug	SQL Query: SELECT id, username, real_name, password, token_reset_password, token_activation, activated FROM users WHERE username = "mail@tonyg.se" LIMIT 1
15:39:05	database_module	debug	SQL Query: SELECT id, name, genre, rating, seen, media_type, recommended FROM movies ORDER BY name ASC LIMIT 0, 5
15:41:33	database_module	debug	SQL Query: SELECT id, name, genre, rating, seen, media_type, recommended FROM movies ORDER BY name ASC LIMIT 0, 5
15:41:35	database_module	debug	SQL Query: SELECT id, name, genre, rating, seen, media_type, recommended FROM movies ORDER BY name ASC LIMIT 0, 5
15:41:37	database_module	debug	SQL Query: SELECT id, name, genre, rating, seen, media_type, recommended FROM movies ORDER BY name ASC LIMIT 5, 5
15:41:40	database_module	debug	SQL Query: SELECT id, name, genre, rating, seen, media_type, recommended FROM movies WHERE name LIKE "%the%" ORDER BY name ASC LIMIT 0, 5
15:41:43	database_module	debug	SQL Query: SELECT id, name, genre, rating, seen, media_type, recommended FROM movies WHERE name LIKE "%the%" ORDER BY name ASC LIMIT 0, 5
15:41:46	database_module	debug	SQL Query: SELECT id, name, genre, rating, seen, media_type, recommended FROM movies WHERE name LIKE "%the%" ORDER BY name ASC LIMIT 0, 5
15:41:47	database_module	debug	SQL Query: SELECT id, username, real_name, password, token_reset_password, token_activation, activated FROM users WHERE username = "mail@tonyg.se" LIMIT 1
15:41:48	auth_module	info	mail@tonyg.se logged in from ::1
15:41:48	database_module	debug	SQL Query: SELECT id, username, real_name, password, token_reset_password, token_activation, activated FROM users WHERE username = "mail@tonyg.se" LIMIT 1
15:41:48	database_module	debug	SQL Query: SELECT id, name, genre, rating, seen, media_type, recommended FROM movies ORDER BY name ASC LIMIT 0, 5
15:41:50	database_module	debug	SQL Query: SELECT id, username, real_name, password, token_reset_password, token_activation, activated FROM users WHERE username = "mail@tonyg.se" LIMIT 1
15:41:50	database_module	debug	SQL Query: SELECT id, name, genre, rating, seen, media_type, recommended FROM movies ORDER BY name ASC LIMIT 0, 5
15:41:56	database_module	debug	SQL Query: SELECT id, username, real_name, password, token_reset_password, token_activation, activated FROM users WHERE username = "mail@tonyg.se" LIMIT 1
15:41:56	database_module	debug	SQL Query: SELECT id, name, genre, rating, seen, media_type, recommended FROM movies ORDER BY name ASC LIMIT 0, 5
15:41:58	database_module	debug	SQL Query: SELECT id, username, real_name, password, token_reset_password, token_activation, activated FROM users WHERE username = "mail@tonyg.se" LIMIT 1
15:41:59	database_module	debug	SQL Query: SELECT id, username, real_name, password, token_reset_password, token_activation, activated FROM users WHERE username = "mail@tonyg.se" LIMIT 1
15:41:59	database_module	debug	SQL Query: SELECT id, name, genre, rating, seen, media_type, recommended FROM movies ORDER BY name ASC LIMIT 0, 5
15:42:01	database_module	debug	SQL Query: SELECT id, username, real_name, password, token_reset_password, token_activation, activated FROM users WHERE username = "mail@tonyg.se" LIMIT 1
15:42:10	database_module	debug	SQL Query: SELECT id, username, real_name, password, token_reset_password, token_activation, activated FROM users WHERE username = "mail@tonyg.se" LIMIT 1
15:42:10	form_module	info	Uploaded C:/xampp/htdocs/opusframe/assets/images/uploads/movies/temp_54411ca9781f8/temp_54411ca9781f8_1.jpg
15:42:11	database_module	debug	SQL Query: SELECT id, username, real_name, password, token_reset_password, token_activation, activated FROM users WHERE username = "mail@tonyg.se" LIMIT 1
15:42:11	database_module	debug	SQL Query: INSERT INTO movies (name, genre, media_type, rating, seen, recommended) VALUES (?, ?, ?, ?, ?, ?);
15:42:11	database_module	debug	SQL Query: SELECT id, username, real_name, password, token_reset_password, token_activation, activated FROM users WHERE username = "mail@tonyg.se" LIMIT 1
15:42:11	database_module	debug	SQL Query: SELECT id, name, genre, rating, seen, media_type, recommended FROM movies ORDER BY name ASC LIMIT 0, 5
15:42:14	database_module	debug	SQL Query: SELECT id, username, real_name, password, token_reset_password, token_activation, activated FROM users WHERE username = "mail@tonyg.se" LIMIT 1
15:42:14	database_module	debug	SQL Query: SELECT id, name, genre, rating, seen, media_type, recommended FROM movies WHERE id = 102 LIMIT 1
15:42:30	database_module	debug	SQL Query: SELECT id, username, real_name, password, token_reset_password, token_activation, activated FROM users WHERE username = "mail@tonyg.se" LIMIT 1
15:42:30	form_module	info	Uploaded C:/xampp/htdocs/opusframe/assets/images/uploads/movies/102/102_2.jpg
15:42:31	database_module	debug	SQL Query: SELECT id, username, real_name, password, token_reset_password, token_activation, activated FROM users WHERE username = "mail@tonyg.se" LIMIT 1
15:42:31	database_module	debug	SQL Query: UPDATE movies SET name = ?, genre = ?, rating = ?, seen = ?, media_type = ?, recommended = ? WHERE id = ?
15:42:31	database_module	debug	SQL Query: SELECT id, username, real_name, password, token_reset_password, token_activation, activated FROM users WHERE username = "mail@tonyg.se" LIMIT 1
15:42:31	database_module	debug	SQL Query: SELECT id, name, genre, rating, seen, media_type, recommended FROM movies ORDER BY name ASC LIMIT 0, 5
15:42:36	database_module	debug	SQL Query: SELECT id, username, real_name, password, token_reset_password, token_activation, activated FROM users WHERE username = "mail@tonyg.se" LIMIT 1
15:42:36	database_module	debug	SQL Query: SELECT id, name, genre, rating, seen, media_type, recommended FROM movies WHERE id = 102 LIMIT 1
15:42:38	database_module	debug	SQL Query: SELECT id, username, real_name, password, token_reset_password, token_activation, activated FROM users WHERE username = "mail@tonyg.se" LIMIT 1
15:42:39	database_module	debug	SQL Query: SELECT id, username, real_name, password, token_reset_password, token_activation, activated FROM users WHERE username = "mail@tonyg.se" LIMIT 1
15:42:39	database_module	debug	SQL Query: SELECT id, name, genre, rating, seen, media_type, recommended FROM movies ORDER BY name ASC LIMIT 0, 5
15:42:41	database_module	debug	SQL Query: SELECT id, username, real_name, password, token_reset_password, token_activation, activated FROM users WHERE username = "mail@tonyg.se" LIMIT 1
15:42:41	database_module	debug	SQL Query: SELECT id, name, genre, rating, seen, media_type, recommended FROM movies WHERE id = 102 LIMIT 1
15:42:46	database_module	debug	SQL Query: SELECT id, username, real_name, password, token_reset_password, token_activation, activated FROM users WHERE username = "mail@tonyg.se" LIMIT 1
15:42:46	database_module	debug	SQL Query: SELECT id, name, genre, rating, seen, media_type, recommended FROM movies ORDER BY name ASC LIMIT 0, 5
15:42:47	database_module	debug	SQL Query: SELECT id, username, real_name, password, token_reset_password, token_activation, activated FROM users WHERE username = "mail@tonyg.se" LIMIT 1
15:42:47	database_module	debug	SQL Query: DELETE FROM movies WHERE id = ?
15:42:48	database_module	debug	SQL Query: SELECT id, username, real_name, password, token_reset_password, token_activation, activated FROM users WHERE username = "mail@tonyg.se" LIMIT 1
15:42:48	database_module	debug	SQL Query: SELECT id, name, genre, rating, seen, media_type, recommended FROM movies ORDER BY name ASC LIMIT 0, 5
15:42:53	database_module	debug	SQL Query: SELECT id, username, real_name, password, token_reset_password, token_activation, activated FROM users WHERE username = "mail@tonyg.se" LIMIT 1
15:42:53	database_module	debug	SQL Query: SELECT id, name, genre, rating, seen, media_type, recommended FROM movies ORDER BY name ASC LIMIT 0, 5
15:43:00	database_module	debug	SQL Query: SELECT id, name, genre, rating, seen, media_type, recommended FROM movies ORDER BY name ASC LIMIT 0, 5
15:46:47	database_module	debug	SQL Query: SELECT id, name, genre, rating, seen, media_type, recommended FROM movies ORDER BY name ASC LIMIT 0, 5
15:46:52	database_module	debug	SQL Query: SELECT id, name, genre, rating, seen, media_type, recommended FROM movies ORDER BY name ASC LIMIT 0, 5
15:47:06	database_module	debug	SQL Query: SELECT id, name, genre, rating, seen, media_type, recommended FROM movies ORDER BY name ASC LIMIT 0, 5
15:47:07	database_module	debug	SQL Query: SELECT id, name, genre, rating, seen, media_type, recommended FROM movies WHERE id = 98 LIMIT 1
15:47:08	database_module	debug	SQL Query: SELECT id, name, genre, rating, seen, media_type, recommended FROM movies ORDER BY name ASC LIMIT 0, 5
